[2016-07-02 16:06:49,181] DEBUG preRegister called. Server=com.sun.jmx.mbeanserver.JmxMBeanServer@d3c617, name=log4j:logger=state.change.logger (state.change.logger)
[2016-07-02 16:07:10,988] TRACE Controller 0 epoch 1 received response {error_code=0} for a request sent to broker localhost:9092 (id: 0 rack: null) (state.change.logger)
[2016-07-02 16:07:29,720] TRACE Controller 0 epoch 1 changed partition [rules,0] state from NonExistentPartition to NewPartition with assigned replicas 0 (state.change.logger)
[2016-07-02 16:07:29,726] TRACE Controller 0 epoch 1 changed state of replica 0 for partition [rules,0] from NonExistentReplica to NewReplica (state.change.logger)
[2016-07-02 16:07:29,785] TRACE Controller 0 epoch 1 changed partition [rules,0] from NewPartition to OnlinePartition with leader 0 (state.change.logger)
[2016-07-02 16:07:29,786] TRACE Controller 0 epoch 1 sending become-leader LeaderAndIsr request (Leader:0,ISR:0,LeaderEpoch:0,ControllerEpoch:1) to broker 0 for partition [rules,0] (state.change.logger)
[2016-07-02 16:07:29,789] TRACE Controller 0 epoch 1 sending UpdateMetadata request (Leader:0,ISR:0,LeaderEpoch:0,ControllerEpoch:1) to broker 0 for partition rules-0 (state.change.logger)
[2016-07-02 16:07:29,790] TRACE Broker 0 received LeaderAndIsr request org.apache.kafka.common.requests.LeaderAndIsrRequest$PartitionState@53a92 correlation id 1 from controller 0 epoch 1 for partition [rules,0] (state.change.logger)
[2016-07-02 16:07:29,792] TRACE Controller 0 epoch 1 changed state of replica 0 for partition [rules,0] from NewReplica to OnlineReplica (state.change.logger)
[2016-07-02 16:07:29,820] TRACE Broker 0 handling LeaderAndIsr request correlationId 1 from controller 0 epoch 1 starting the become-leader transition for partition [rules,0] (state.change.logger)
[2016-07-02 16:07:29,851] TRACE Broker 0 stopped fetchers as part of become-leader request from controller 0 epoch 1 with correlation id 1 for partition [rules,0] (state.change.logger)
[2016-07-02 16:07:29,852] TRACE Broker 0 completed LeaderAndIsr request correlationId 1 from controller 0 epoch 1 for the become-leader transition for partition [rules,0] (state.change.logger)
[2016-07-02 16:07:29,855] TRACE Controller 0 epoch 1 received response {error_code=0,partitions=[{topic=rules,partition=0,error_code=0}]} for a request sent to broker localhost:9092 (id: 0 rack: null) (state.change.logger)
[2016-07-02 16:07:29,857] TRACE Broker 0 cached leader info (LeaderAndIsrInfo:(Leader:0,ISR:0,LeaderEpoch:0,ControllerEpoch:1),ReplicationFactor:1),AllReplicas:0) for partition rules-0 in response to UpdateMetadata request sent by controller 0 epoch 1 with correlation id 2 (state.change.logger)
[2016-07-02 16:07:29,858] TRACE Controller 0 epoch 1 received response {error_code=0} for a request sent to broker localhost:9092 (id: 0 rack: null) (state.change.logger)
[2016-07-02 16:07:31,030] TRACE Controller 0 epoch 1 changed partition [forex,0] state from NonExistentPartition to NewPartition with assigned replicas 0 (state.change.logger)
[2016-07-02 16:07:31,032] TRACE Controller 0 epoch 1 changed state of replica 0 for partition [forex,0] from NonExistentReplica to NewReplica (state.change.logger)
[2016-07-02 16:07:31,082] TRACE Controller 0 epoch 1 changed partition [forex,0] from NewPartition to OnlinePartition with leader 0 (state.change.logger)
[2016-07-02 16:07:31,082] TRACE Controller 0 epoch 1 sending become-leader LeaderAndIsr request (Leader:0,ISR:0,LeaderEpoch:0,ControllerEpoch:1) to broker 0 for partition [forex,0] (state.change.logger)
[2016-07-02 16:07:31,082] TRACE Controller 0 epoch 1 sending UpdateMetadata request (Leader:0,ISR:0,LeaderEpoch:0,ControllerEpoch:1) to broker 0 for partition forex-0 (state.change.logger)
[2016-07-02 16:07:31,083] TRACE Broker 0 received LeaderAndIsr request org.apache.kafka.common.requests.LeaderAndIsrRequest$PartitionState@664ffe correlation id 3 from controller 0 epoch 1 for partition [forex,0] (state.change.logger)
[2016-07-02 16:07:31,083] TRACE Controller 0 epoch 1 changed state of replica 0 for partition [forex,0] from NewReplica to OnlineReplica (state.change.logger)
[2016-07-02 16:07:31,083] TRACE Broker 0 handling LeaderAndIsr request correlationId 3 from controller 0 epoch 1 starting the become-leader transition for partition [forex,0] (state.change.logger)
[2016-07-02 16:07:31,092] TRACE Broker 0 stopped fetchers as part of become-leader request from controller 0 epoch 1 with correlation id 3 for partition [forex,0] (state.change.logger)
[2016-07-02 16:07:31,092] TRACE Broker 0 completed LeaderAndIsr request correlationId 3 from controller 0 epoch 1 for the become-leader transition for partition [forex,0] (state.change.logger)
[2016-07-02 16:07:31,092] TRACE Controller 0 epoch 1 received response {error_code=0,partitions=[{topic=forex,partition=0,error_code=0}]} for a request sent to broker localhost:9092 (id: 0 rack: null) (state.change.logger)
[2016-07-02 16:07:31,093] TRACE Broker 0 cached leader info (LeaderAndIsrInfo:(Leader:0,ISR:0,LeaderEpoch:0,ControllerEpoch:1),ReplicationFactor:1),AllReplicas:0) for partition forex-0 in response to UpdateMetadata request sent by controller 0 epoch 1 with correlation id 4 (state.change.logger)
[2016-07-02 16:07:31,094] TRACE Controller 0 epoch 1 received response {error_code=0} for a request sent to broker localhost:9092 (id: 0 rack: null) (state.change.logger)
[2016-07-02 16:07:32,378] TRACE Controller 0 epoch 1 changed partition [forexJ,0] state from NonExistentPartition to NewPartition with assigned replicas 0 (state.change.logger)
[2016-07-02 16:07:32,382] TRACE Controller 0 epoch 1 changed state of replica 0 for partition [forexJ,0] from NonExistentReplica to NewReplica (state.change.logger)
[2016-07-02 16:07:32,438] TRACE Controller 0 epoch 1 changed partition [forexJ,0] from NewPartition to OnlinePartition with leader 0 (state.change.logger)
[2016-07-02 16:07:32,438] TRACE Controller 0 epoch 1 sending become-leader LeaderAndIsr request (Leader:0,ISR:0,LeaderEpoch:0,ControllerEpoch:1) to broker 0 for partition [forexJ,0] (state.change.logger)
[2016-07-02 16:07:32,438] TRACE Controller 0 epoch 1 sending UpdateMetadata request (Leader:0,ISR:0,LeaderEpoch:0,ControllerEpoch:1) to broker 0 for partition forexJ-0 (state.change.logger)
[2016-07-02 16:07:32,439] TRACE Broker 0 received LeaderAndIsr request org.apache.kafka.common.requests.LeaderAndIsrRequest$PartitionState@996262 correlation id 5 from controller 0 epoch 1 for partition [forexJ,0] (state.change.logger)
[2016-07-02 16:07:32,439] TRACE Broker 0 handling LeaderAndIsr request correlationId 5 from controller 0 epoch 1 starting the become-leader transition for partition [forexJ,0] (state.change.logger)
[2016-07-02 16:07:32,440] TRACE Controller 0 epoch 1 changed state of replica 0 for partition [forexJ,0] from NewReplica to OnlineReplica (state.change.logger)
[2016-07-02 16:07:32,444] TRACE Broker 0 stopped fetchers as part of become-leader request from controller 0 epoch 1 with correlation id 5 for partition [forexJ,0] (state.change.logger)
[2016-07-02 16:07:32,444] TRACE Broker 0 completed LeaderAndIsr request correlationId 5 from controller 0 epoch 1 for the become-leader transition for partition [forexJ,0] (state.change.logger)
[2016-07-02 16:07:32,445] TRACE Controller 0 epoch 1 received response {error_code=0,partitions=[{topic=forexJ,partition=0,error_code=0}]} for a request sent to broker localhost:9092 (id: 0 rack: null) (state.change.logger)
[2016-07-02 16:07:32,445] TRACE Broker 0 cached leader info (LeaderAndIsrInfo:(Leader:0,ISR:0,LeaderEpoch:0,ControllerEpoch:1),ReplicationFactor:1),AllReplicas:0) for partition forexJ-0 in response to UpdateMetadata request sent by controller 0 epoch 1 with correlation id 6 (state.change.logger)
[2016-07-02 16:07:32,446] TRACE Controller 0 epoch 1 received response {error_code=0} for a request sent to broker localhost:9092 (id: 0 rack: null) (state.change.logger)
[2016-07-02 16:07:33,788] TRACE Controller 0 epoch 1 changed partition [ticks,0] state from NonExistentPartition to NewPartition with assigned replicas 0 (state.change.logger)
[2016-07-02 16:07:33,793] TRACE Controller 0 epoch 1 changed state of replica 0 for partition [ticks,0] from NonExistentReplica to NewReplica (state.change.logger)
[2016-07-02 16:07:33,849] TRACE Controller 0 epoch 1 changed partition [ticks,0] from NewPartition to OnlinePartition with leader 0 (state.change.logger)
[2016-07-02 16:07:33,849] TRACE Controller 0 epoch 1 sending become-leader LeaderAndIsr request (Leader:0,ISR:0,LeaderEpoch:0,ControllerEpoch:1) to broker 0 for partition [ticks,0] (state.change.logger)
[2016-07-02 16:07:33,850] TRACE Controller 0 epoch 1 sending UpdateMetadata request (Leader:0,ISR:0,LeaderEpoch:0,ControllerEpoch:1) to broker 0 for partition ticks-0 (state.change.logger)
[2016-07-02 16:07:33,850] TRACE Broker 0 received LeaderAndIsr request org.apache.kafka.common.requests.LeaderAndIsrRequest$PartitionState@cf5312 correlation id 7 from controller 0 epoch 1 for partition [ticks,0] (state.change.logger)
[2016-07-02 16:07:33,850] TRACE Controller 0 epoch 1 changed state of replica 0 for partition [ticks,0] from NewReplica to OnlineReplica (state.change.logger)
[2016-07-02 16:07:33,850] TRACE Broker 0 handling LeaderAndIsr request correlationId 7 from controller 0 epoch 1 starting the become-leader transition for partition [ticks,0] (state.change.logger)
[2016-07-02 16:07:33,855] TRACE Broker 0 stopped fetchers as part of become-leader request from controller 0 epoch 1 with correlation id 7 for partition [ticks,0] (state.change.logger)
[2016-07-02 16:07:33,855] TRACE Broker 0 completed LeaderAndIsr request correlationId 7 from controller 0 epoch 1 for the become-leader transition for partition [ticks,0] (state.change.logger)
[2016-07-02 16:07:33,856] TRACE Controller 0 epoch 1 received response {error_code=0,partitions=[{topic=ticks,partition=0,error_code=0}]} for a request sent to broker localhost:9092 (id: 0 rack: null) (state.change.logger)
[2016-07-02 16:07:33,856] TRACE Broker 0 cached leader info (LeaderAndIsrInfo:(Leader:0,ISR:0,LeaderEpoch:0,ControllerEpoch:1),ReplicationFactor:1),AllReplicas:0) for partition ticks-0 in response to UpdateMetadata request sent by controller 0 epoch 1 with correlation id 8 (state.change.logger)
[2016-07-02 16:07:33,857] TRACE Controller 0 epoch 1 received response {error_code=0} for a request sent to broker localhost:9092 (id: 0 rack: null) (state.change.logger)
[2016-07-02 16:07:35,187] TRACE Controller 0 epoch 1 changed partition [oandaticks,0] state from NonExistentPartition to NewPartition with assigned replicas 0 (state.change.logger)
[2016-07-02 16:07:35,189] TRACE Controller 0 epoch 1 changed state of replica 0 for partition [oandaticks,0] from NonExistentReplica to NewReplica (state.change.logger)
[2016-07-02 16:07:35,249] TRACE Controller 0 epoch 1 changed partition [oandaticks,0] from NewPartition to OnlinePartition with leader 0 (state.change.logger)
[2016-07-02 16:07:35,249] TRACE Controller 0 epoch 1 sending become-leader LeaderAndIsr request (Leader:0,ISR:0,LeaderEpoch:0,ControllerEpoch:1) to broker 0 for partition [oandaticks,0] (state.change.logger)
[2016-07-02 16:07:35,249] TRACE Controller 0 epoch 1 sending UpdateMetadata request (Leader:0,ISR:0,LeaderEpoch:0,ControllerEpoch:1) to broker 0 for partition oandaticks-0 (state.change.logger)
[2016-07-02 16:07:35,250] TRACE Controller 0 epoch 1 changed state of replica 0 for partition [oandaticks,0] from NewReplica to OnlineReplica (state.change.logger)
[2016-07-02 16:07:35,250] TRACE Broker 0 received LeaderAndIsr request org.apache.kafka.common.requests.LeaderAndIsrRequest$PartitionState@19ca3b9 correlation id 9 from controller 0 epoch 1 for partition [oandaticks,0] (state.change.logger)
[2016-07-02 16:07:35,250] TRACE Broker 0 handling LeaderAndIsr request correlationId 9 from controller 0 epoch 1 starting the become-leader transition for partition [oandaticks,0] (state.change.logger)
[2016-07-02 16:07:35,257] TRACE Broker 0 stopped fetchers as part of become-leader request from controller 0 epoch 1 with correlation id 9 for partition [oandaticks,0] (state.change.logger)
[2016-07-02 16:07:35,257] TRACE Broker 0 completed LeaderAndIsr request correlationId 9 from controller 0 epoch 1 for the become-leader transition for partition [oandaticks,0] (state.change.logger)
[2016-07-02 16:07:35,259] TRACE Controller 0 epoch 1 received response {error_code=0,partitions=[{topic=oandaticks,partition=0,error_code=0}]} for a request sent to broker localhost:9092 (id: 0 rack: null) (state.change.logger)
[2016-07-02 16:07:35,260] TRACE Broker 0 cached leader info (LeaderAndIsrInfo:(Leader:0,ISR:0,LeaderEpoch:0,ControllerEpoch:1),ReplicationFactor:1),AllReplicas:0) for partition oandaticks-0 in response to UpdateMetadata request sent by controller 0 epoch 1 with correlation id 10 (state.change.logger)
[2016-07-02 16:07:35,260] TRACE Controller 0 epoch 1 received response {error_code=0} for a request sent to broker localhost:9092 (id: 0 rack: null) (state.change.logger)
[2016-07-02 16:07:36,683] TRACE Controller 0 epoch 1 changed partition [histticks,0] state from NonExistentPartition to NewPartition with assigned replicas 0 (state.change.logger)
[2016-07-02 16:07:36,685] TRACE Controller 0 epoch 1 changed state of replica 0 for partition [histticks,0] from NonExistentReplica to NewReplica (state.change.logger)
[2016-07-02 16:07:36,737] TRACE Controller 0 epoch 1 changed partition [histticks,0] from NewPartition to OnlinePartition with leader 0 (state.change.logger)
[2016-07-02 16:07:36,738] TRACE Controller 0 epoch 1 sending become-leader LeaderAndIsr request (Leader:0,ISR:0,LeaderEpoch:0,ControllerEpoch:1) to broker 0 for partition [histticks,0] (state.change.logger)
[2016-07-02 16:07:36,739] TRACE Broker 0 received LeaderAndIsr request org.apache.kafka.common.requests.LeaderAndIsrRequest$PartitionState@1982ae correlation id 11 from controller 0 epoch 1 for partition [histticks,0] (state.change.logger)
[2016-07-02 16:07:36,739] TRACE Controller 0 epoch 1 sending UpdateMetadata request (Leader:0,ISR:0,LeaderEpoch:0,ControllerEpoch:1) to broker 0 for partition histticks-0 (state.change.logger)
[2016-07-02 16:07:36,740] TRACE Broker 0 handling LeaderAndIsr request correlationId 11 from controller 0 epoch 1 starting the become-leader transition for partition [histticks,0] (state.change.logger)
[2016-07-02 16:07:36,743] TRACE Controller 0 epoch 1 changed state of replica 0 for partition [histticks,0] from NewReplica to OnlineReplica (state.change.logger)
[2016-07-02 16:07:36,746] TRACE Broker 0 stopped fetchers as part of become-leader request from controller 0 epoch 1 with correlation id 11 for partition [histticks,0] (state.change.logger)
[2016-07-02 16:07:36,746] TRACE Broker 0 completed LeaderAndIsr request correlationId 11 from controller 0 epoch 1 for the become-leader transition for partition [histticks,0] (state.change.logger)
[2016-07-02 16:07:36,747] TRACE Controller 0 epoch 1 received response {error_code=0,partitions=[{topic=histticks,partition=0,error_code=0}]} for a request sent to broker localhost:9092 (id: 0 rack: null) (state.change.logger)
[2016-07-02 16:07:36,748] TRACE Broker 0 cached leader info (LeaderAndIsrInfo:(Leader:0,ISR:0,LeaderEpoch:0,ControllerEpoch:1),ReplicationFactor:1),AllReplicas:0) for partition histticks-0 in response to UpdateMetadata request sent by controller 0 epoch 1 with correlation id 12 (state.change.logger)
[2016-07-02 16:07:36,748] TRACE Controller 0 epoch 1 received response {error_code=0} for a request sent to broker localhost:9092 (id: 0 rack: null) (state.change.logger)
