[INFO ] 2016-07-02 20:40:24.102 [main] PublishHistTicks - Connecting to Kafka Broker at IP Address 172.30.0.140:9092...
[INFO ] 2016-07-02 20:40:24.168 [main] ProducerConfig - ProducerConfig values: 
	metric.reporters = []
	metadata.max.age.ms = 300000
	reconnect.backoff.ms = 50
	sasl.kerberos.ticket.renew.window.factor = 0.8
	bootstrap.servers = [172.30.0.140:9092]
	ssl.keystore.type = JKS
	sasl.mechanism = GSSAPI
	max.block.ms = 60000
	interceptor.classes = null
	ssl.truststore.password = null
	client.id = 
	ssl.endpoint.identification.algorithm = null
	request.timeout.ms = 30000
	acks = all
	receive.buffer.bytes = 32768
	ssl.truststore.type = JKS
	retries = 0
	ssl.truststore.location = null
	ssl.keystore.password = null
	send.buffer.bytes = 131072
	compression.type = none
	metadata.fetch.timeout.ms = 60000
	retry.backoff.ms = 100
	sasl.kerberos.kinit.cmd = /usr/bin/kinit
	buffer.memory = 33554432
	timeout.ms = 30000
	key.serializer = class org.apache.kafka.common.serialization.StringSerializer
	sasl.kerberos.service.name = null
	sasl.kerberos.ticket.renew.jitter = 0.05
	ssl.trustmanager.algorithm = PKIX
	block.on.buffer.full = false
	ssl.key.password = null
	sasl.kerberos.min.time.before.relogin = 60000
	connections.max.idle.ms = 540000
	max.in.flight.requests.per.connection = 5
	metrics.num.samples = 2
	ssl.protocol = TLS
	ssl.provider = null
	ssl.enabled.protocols = [TLSv1.2, TLSv1.1, TLSv1]
	batch.size = 16384
	ssl.keystore.location = null
	ssl.cipher.suites = null
	security.protocol = PLAINTEXT
	max.request.size = 1048576
	value.serializer = class org.apache.kafka.common.serialization.StringSerializer
	ssl.keymanager.algorithm = SunX509
	metrics.sample.window.ms = 30000
	partitioner.class = class org.apache.kafka.clients.producer.internals.DefaultPartitioner
	linger.ms = 1

[INFO ] 2016-07-02 20:40:24.207 [main] ProducerConfig - ProducerConfig values: 
	metric.reporters = []
	metadata.max.age.ms = 300000
	reconnect.backoff.ms = 50
	sasl.kerberos.ticket.renew.window.factor = 0.8
	bootstrap.servers = [172.30.0.140:9092]
	ssl.keystore.type = JKS
	sasl.mechanism = GSSAPI
	max.block.ms = 60000
	interceptor.classes = null
	ssl.truststore.password = null
	client.id = producer-1
	ssl.endpoint.identification.algorithm = null
	request.timeout.ms = 30000
	acks = all
	receive.buffer.bytes = 32768
	ssl.truststore.type = JKS
	retries = 0
	ssl.truststore.location = null
	ssl.keystore.password = null
	send.buffer.bytes = 131072
	compression.type = none
	metadata.fetch.timeout.ms = 60000
	retry.backoff.ms = 100
	sasl.kerberos.kinit.cmd = /usr/bin/kinit
	buffer.memory = 33554432
	timeout.ms = 30000
	key.serializer = class org.apache.kafka.common.serialization.StringSerializer
	sasl.kerberos.service.name = null
	sasl.kerberos.ticket.renew.jitter = 0.05
	ssl.trustmanager.algorithm = PKIX
	block.on.buffer.full = false
	ssl.key.password = null
	sasl.kerberos.min.time.before.relogin = 60000
	connections.max.idle.ms = 540000
	max.in.flight.requests.per.connection = 5
	metrics.num.samples = 2
	ssl.protocol = TLS
	ssl.provider = null
	ssl.enabled.protocols = [TLSv1.2, TLSv1.1, TLSv1]
	batch.size = 16384
	ssl.keystore.location = null
	ssl.cipher.suites = null
	security.protocol = PLAINTEXT
	max.request.size = 1048576
	value.serializer = class org.apache.kafka.common.serialization.StringSerializer
	ssl.keymanager.algorithm = SunX509
	metrics.sample.window.ms = 30000
	partitioner.class = class org.apache.kafka.clients.producer.internals.DefaultPartitioner
	linger.ms = 1

[INFO ] 2016-07-02 20:40:24.209 [main] AppInfoParser - Kafka version : 0.10.0.0
[INFO ] 2016-07-02 20:40:24.209 [main] AppInfoParser - Kafka commitId : b8642491e78c5a13
[INFO ] 2016-07-02 20:40:24.217 [main] PublishHistTicks - Processing /home/ubuntu/projects/wolf/histdata.com/data/csv/DAT_ASCII_EURUSD_T_201401.csv
[INFO ] 2016-07-02 20:40:24.629 [main] PublishHistTicks - Start time: Sat Jul 02 20:40:24 EDT 2016
[INFO ] 2016-07-02 20:40:26.888 [main] PublishHistTicks - 10.0% records processed.  109263 / 1092627
[INFO ] 2016-07-02 20:40:26.898 [main] PublishHistTicks - Interval time: Sat Jul 02 20:40:26 EDT 2016 Transactions Per Minute: 0.0008043507
[INFO ] 2016-07-02 20:40:28.181 [main] PublishHistTicks - 20.0% records processed.  218526 / 1092627
[INFO ] 2016-07-02 20:40:28.182 [main] PublishHistTicks - Interval time: Sat Jul 02 20:40:28 EDT 2016 Transactions Per Minute: 0.0010239247
[INFO ] 2016-07-02 20:40:29.361 [main] PublishHistTicks - 30.000000000000004% records processed.  327789 / 1092627
[INFO ] 2016-07-02 20:40:29.361 [main] PublishHistTicks - Interval time: Sat Jul 02 20:40:29 EDT 2016 Transactions Per Minute: 0.0011535367
[INFO ] 2016-07-02 20:40:30.448 [main] PublishHistTicks - 40.0% records processed.  437051 / 1092627
[INFO ] 2016-07-02 20:40:30.448 [main] PublishHistTicks - Interval time: Sat Jul 02 20:40:30 EDT 2016 Transactions Per Minute: 0.0012509331
[INFO ] 2016-07-02 20:40:31.310 [main] PublishHistTicks - 50.0% records processed.  546314 / 1092627
[INFO ] 2016-07-02 20:40:31.310 [main] PublishHistTicks - Interval time: Sat Jul 02 20:40:31 EDT 2016 Transactions Per Minute: 0.0013620394
[INFO ] 2016-07-02 20:40:32.196 [main] PublishHistTicks - 60.0% records processed.  655577 / 1092627
[INFO ] 2016-07-02 20:40:32.197 [main] PublishHistTicks - Interval time: Sat Jul 02 20:40:32 EDT 2016 Transactions Per Minute: 0.0014431757
[INFO ] 2016-07-02 20:40:33.034 [main] PublishHistTicks - 70.0% records processed.  764839 / 1092627
[INFO ] 2016-07-02 20:40:33.034 [main] PublishHistTicks - Interval time: Sat Jul 02 20:40:33 EDT 2016 Transactions Per Minute: 0.0015159135
[INFO ] 2016-07-02 20:40:33.976 [main] PublishHistTicks - 80.0% records processed.  874102 / 1092627
[INFO ] 2016-07-02 20:40:33.977 [main] PublishHistTicks - Interval time: Sat Jul 02 20:40:33 EDT 2016 Transactions Per Minute: 0.0015579475
[INFO ] 2016-07-02 20:40:34.838 [main] PublishHistTicks - 89.99999999999999% records processed.  983365 / 1092627
[INFO ] 2016-07-02 20:40:34.838 [main] PublishHistTicks - Interval time: Sat Jul 02 20:40:34 EDT 2016 Transactions Per Minute: 0.0016047603
[INFO ] 2016-07-02 20:40:35.752 [main] PublishHistTicks - 99.99999999999999% records processed.  1092627 / 1092627
[INFO ] 2016-07-02 20:40:35.752 [main] PublishHistTicks - Interval time: Sat Jul 02 20:40:35 EDT 2016 Transactions Per Minute: 0.0016366002
[INFO ] 2016-07-02 20:40:35.752 [main] PublishHistTicks - Stop time: Sat Jul 02 20:40:35 EDT 2016 Transactions Per Minute: 0.0016366002
[INFO ] 2016-07-02 20:40:35.752 [main] PublishHistTicks - Processing /home/ubuntu/projects/wolf/histdata.com/data/csv/DAT_ASCII_EURUSD_T_201402.csv
[INFO ] 2016-07-02 20:40:35.904 [main] PublishHistTicks - Start time: Sat Jul 02 20:40:35 EDT 2016
[INFO ] 2016-07-02 20:40:36.631 [main] PublishHistTicks - 10.0% records processed.  80961 / 809608
[INFO ] 2016-07-02 20:40:36.631 [main] PublishHistTicks - Interval time: Sat Jul 02 20:40:36 EDT 2016 Transactions Per Minute: 0.0018535027
[INFO ] 2016-07-02 20:40:37.224 [main] PublishHistTicks - 20.0% records processed.  161922 / 809608
[INFO ] 2016-07-02 20:40:37.225 [main] PublishHistTicks - Interval time: Sat Jul 02 20:40:37 EDT 2016 Transactions Per Minute: 0.0020429220
[INFO ] 2016-07-02 20:40:37.819 [main] PublishHistTicks - 30.000000000000004% records processed.  242883 / 809608
[INFO ] 2016-07-02 20:40:37.819 [main] PublishHistTicks - Interval time: Sat Jul 02 20:40:37 EDT 2016 Transactions Per Minute: 0.0021127610
[INFO ] 2016-07-02 20:40:38.415 [main] PublishHistTicks - 40.0% records processed.  323844 / 809608
[INFO ] 2016-07-02 20:40:38.415 [main] PublishHistTicks - Interval time: Sat Jul 02 20:40:38 EDT 2016 Transactions Per Minute: 0.0021486465
[INFO ] 2016-07-02 20:40:39.116 [main] PublishHistTicks - 50.0% records processed.  404805 / 809608
[INFO ] 2016-07-02 20:40:39.117 [main] PublishHistTicks - Interval time: Sat Jul 02 20:40:39 EDT 2016 Transactions Per Minute: 0.0020998288
[INFO ] 2016-07-02 20:40:39.720 [main] PublishHistTicks - 60.0% records processed.  485765 / 809608
[INFO ] 2016-07-02 20:40:39.721 [main] PublishHistTicks - Interval time: Sat Jul 02 20:40:39 EDT 2016 Transactions Per Minute: 0.0021210593
[INFO ] 2016-07-02 20:40:40.316 [main] PublishHistTicks - 70.0% records processed.  566726 / 809608
[INFO ] 2016-07-02 20:40:40.316 [main] PublishHistTicks - Interval time: Sat Jul 02 20:40:40 EDT 2016 Transactions Per Minute: 0.0021403656
[INFO ] 2016-07-02 20:40:40.914 [main] PublishHistTicks - 80.0% records processed.  647687 / 809608
[INFO ] 2016-07-02 20:40:40.914 [main] PublishHistTicks - Interval time: Sat Jul 02 20:40:40 EDT 2016 Transactions Per Minute: 0.0021542174
[INFO ] 2016-07-02 20:40:41.509 [main] PublishHistTicks - 89.99999999999999% records processed.  728648 / 809608
[INFO ] 2016-07-02 20:40:41.509 [main] PublishHistTicks - Interval time: Sat Jul 02 20:40:41 EDT 2016 Transactions Per Minute: 0.0021662742
[INFO ] 2016-07-02 20:40:42.101 [main] PublishHistTicks - 99.99999999999999% records processed.  809608 / 809608
[INFO ] 2016-07-02 20:40:42.101 [main] PublishHistTicks - Interval time: Sat Jul 02 20:40:42 EDT 2016 Transactions Per Minute: 0.0021770679
[INFO ] 2016-07-02 20:40:42.102 [main] PublishHistTicks - Stop time: Sat Jul 02 20:40:42 EDT 2016 Transactions Per Minute: 0.0021770679
[INFO ] 2016-07-02 20:40:42.102 [main] PublishHistTicks - Processing /home/ubuntu/projects/wolf/histdata.com/data/csv/DAT_ASCII_EURUSD_T_201403.csv
[INFO ] 2016-07-02 20:40:42.208 [main] PublishHistTicks - Start time: Sat Jul 02 20:40:42 EDT 2016
[INFO ] 2016-07-02 20:40:42.686 [main] PublishHistTicks - 10.0% records processed.  65651 / 656508
[INFO ] 2016-07-02 20:40:42.686 [main] PublishHistTicks - Interval time: Sat Jul 02 20:40:42 EDT 2016 Transactions Per Minute: 0.0022890865
[INFO ] 2016-07-02 20:40:43.169 [main] PublishHistTicks - 20.0% records processed.  131302 / 656508
[INFO ] 2016-07-02 20:40:43.170 [main] PublishHistTicks - Interval time: Sat Jul 02 20:40:43 EDT 2016 Transactions Per Minute: 0.0022771766
[INFO ] 2016-07-02 20:40:43.680 [main] PublishHistTicks - 30.000000000000004% records processed.  196953 / 656508
[INFO ] 2016-07-02 20:40:43.680 [main] PublishHistTicks - Interval time: Sat Jul 02 20:40:43 EDT 2016 Transactions Per Minute: 0.0022299932
[INFO ] 2016-07-02 20:40:44.188 [main] PublishHistTicks - 40.0% records processed.  262604 / 656508
[INFO ] 2016-07-02 20:40:44.188 [main] PublishHistTicks - Interval time: Sat Jul 02 20:40:44 EDT 2016 Transactions Per Minute: 0.0022104714
[INFO ] 2016-07-02 20:40:44.694 [main] PublishHistTicks - 50.0% records processed.  328255 / 656508
[INFO ] 2016-07-02 20:40:44.694 [main] PublishHistTicks - Interval time: Sat Jul 02 20:40:44 EDT 2016 Transactions Per Minute: 0.0022006905
[INFO ] 2016-07-02 20:40:45.200 [main] PublishHistTicks - 60.0% records processed.  393905 / 656508
[INFO ] 2016-07-02 20:40:45.200 [main] PublishHistTicks - Interval time: Sat Jul 02 20:40:45 EDT 2016 Transactions Per Minute: 0.0021942123
[INFO ] 2016-07-02 20:40:45.707 [main] PublishHistTicks - 70.0% records processed.  459556 / 656508
[INFO ] 2016-07-02 20:40:45.708 [main] PublishHistTicks - Interval time: Sat Jul 02 20:40:45 EDT 2016 Transactions Per Minute: 0.0021883619
[INFO ] 2016-07-02 20:40:46.210 [main] PublishHistTicks - 80.0% records processed.  525207 / 656508
[INFO ] 2016-07-02 20:40:46.211 [main] PublishHistTicks - Interval time: Sat Jul 02 20:40:46 EDT 2016 Transactions Per Minute: 0.0021872689
[INFO ] 2016-07-02 20:40:46.711 [main] PublishHistTicks - 89.99999999999999% records processed.  590858 / 656508
[INFO ] 2016-07-02 20:40:46.711 [main] PublishHistTicks - Interval time: Sat Jul 02 20:40:46 EDT 2016 Transactions Per Minute: 0.0021869050
[INFO ] 2016-07-02 20:40:47.213 [main] PublishHistTicks - 99.99999999999999% records processed.  656508 / 656508
[INFO ] 2016-07-02 20:40:47.213 [main] PublishHistTicks - Interval time: Sat Jul 02 20:40:47 EDT 2016 Transactions Per Minute: 0.0021861738
[INFO ] 2016-07-02 20:40:47.213 [main] PublishHistTicks - Stop time: Sat Jul 02 20:40:47 EDT 2016 Transactions Per Minute: 0.0021861738
[INFO ] 2016-07-02 20:40:47.213 [main] PublishHistTicks - Processing /home/ubuntu/projects/wolf/histdata.com/data/csv/DAT_ASCII_EURUSD_T_201404.csv
[INFO ] 2016-07-02 20:40:47.301 [main] PublishHistTicks - Start time: Sat Jul 02 20:40:47 EDT 2016
[INFO ] 2016-07-02 20:40:47.721 [main] PublishHistTicks - 10.0% records processed.  53568 / 535674
[INFO ] 2016-07-02 20:40:47.721 [main] PublishHistTicks - Interval time: Sat Jul 02 20:40:47 EDT 2016 Transactions Per Minute: 0.0021257143
[INFO ] 2016-07-02 20:40:48.129 [main] PublishHistTicks - 20.0% records processed.  107135 / 535674
[INFO ] 2016-07-02 20:40:48.129 [main] PublishHistTicks - Interval time: Sat Jul 02 20:40:48 EDT 2016 Transactions Per Minute: 0.0021565016
[INFO ] 2016-07-02 20:40:48.536 [main] PublishHistTicks - 30.000000000000004% records processed.  160703 / 535674
[INFO ] 2016-07-02 20:40:48.536 [main] PublishHistTicks - Interval time: Sat Jul 02 20:40:48 EDT 2016 Transactions Per Minute: 0.0021687314
[INFO ] 2016-07-02 20:40:48.943 [main] PublishHistTicks - 40.0% records processed.  214270 / 535674
[INFO ] 2016-07-02 20:40:48.943 [main] PublishHistTicks - Interval time: Sat Jul 02 20:40:48 EDT 2016 Transactions Per Minute: 0.0021748883
[INFO ] 2016-07-02 20:40:49.351 [main] PublishHistTicks - 50.0% records processed.  267838 / 535674
[INFO ] 2016-07-02 20:40:49.352 [main] PublishHistTicks - Interval time: Sat Jul 02 20:40:49 EDT 2016 Transactions Per Minute: 0.0021764830
[INFO ] 2016-07-02 20:40:49.763 [main] PublishHistTicks - 60.0% records processed.  321405 / 535674
[INFO ] 2016-07-02 20:40:49.763 [main] PublishHistTicks - Interval time: Sat Jul 02 20:40:49 EDT 2016 Transactions Per Minute: 0.0021757717
[INFO ] 2016-07-02 20:40:50.167 [main] PublishHistTicks - 70.0% records processed.  374972 / 535674
[INFO ] 2016-07-02 20:40:50.167 [main] PublishHistTicks - Interval time: Sat Jul 02 20:40:50 EDT 2016 Transactions Per Minute: 0.0021805769
[INFO ] 2016-07-02 20:40:50.572 [main] PublishHistTicks - 80.0% records processed.  428540 / 535674
[INFO ] 2016-07-02 20:40:50.573 [main] PublishHistTicks - Interval time: Sat Jul 02 20:40:50 EDT 2016 Transactions Per Minute: 0.0021835320
[INFO ] 2016-07-02 20:40:50.976 [main] PublishHistTicks - 89.99999999999999% records processed.  482107 / 535674
[INFO ] 2016-07-02 20:40:50.976 [main] PublishHistTicks - Interval time: Sat Jul 02 20:40:50 EDT 2016 Transactions Per Minute: 0.0021864263
[INFO ] 2016-07-02 20:40:51.381 [main] PublishHistTicks - 99.99999999999999% records processed.  535674 / 535674
[INFO ] 2016-07-02 20:40:51.381 [main] PublishHistTicks - Interval time: Sat Jul 02 20:40:51 EDT 2016 Transactions Per Minute: 0.0021882108
[INFO ] 2016-07-02 20:40:51.381 [main] PublishHistTicks - Stop time: Sat Jul 02 20:40:51 EDT 2016 Transactions Per Minute: 0.0021882108
[INFO ] 2016-07-02 20:40:51.381 [main] PublishHistTicks - Processing /home/ubuntu/projects/wolf/histdata.com/data/csv/DAT_ASCII_EURUSD_T_201405.csv
[INFO ] 2016-07-02 20:40:51.470 [main] PublishHistTicks - Start time: Sat Jul 02 20:40:51 EDT 2016
[INFO ] 2016-07-02 20:40:51.881 [main] PublishHistTicks - 10.0% records processed.  54449 / 544483
[INFO ] 2016-07-02 20:40:51.881 [main] PublishHistTicks - Interval time: Sat Jul 02 20:40:51 EDT 2016 Transactions Per Minute: 0.0022079886
[INFO ] 2016-07-02 20:40:52.282 [main] PublishHistTicks - 20.0% records processed.  108897 / 544483
[INFO ] 2016-07-02 20:40:52.282 [main] PublishHistTicks - Interval time: Sat Jul 02 20:40:52 EDT 2016 Transactions Per Minute: 0.0022351601
[INFO ] 2016-07-02 20:40:52.684 [main] PublishHistTicks - 30.000000000000004% records processed.  163345 / 544483
[INFO ] 2016-07-02 20:40:52.684 [main] PublishHistTicks - Interval time: Sat Jul 02 20:40:52 EDT 2016 Transactions Per Minute: 0.0022425178
[INFO ] 2016-07-02 20:40:53.085 [main] PublishHistTicks - 40.0% records processed.  217794 / 544483
[INFO ] 2016-07-02 20:40:53.085 [main] PublishHistTicks - Interval time: Sat Jul 02 20:40:53 EDT 2016 Transactions Per Minute: 0.0022476161
[INFO ] 2016-07-02 20:40:53.488 [main] PublishHistTicks - 50.0% records processed.  272242 / 544483
[INFO ] 2016-07-02 20:40:53.488 [main] PublishHistTicks - Interval time: Sat Jul 02 20:40:53 EDT 2016 Transactions Per Minute: 0.0022484473
[INFO ] 2016-07-02 20:40:53.893 [main] PublishHistTicks - 60.0% records processed.  326690 / 544483
[INFO ] 2016-07-02 20:40:53.894 [main] PublishHistTicks - Interval time: Sat Jul 02 20:40:53 EDT 2016 Transactions Per Minute: 0.0022462184
[INFO ] 2016-07-02 20:40:54.298 [main] PublishHistTicks - 70.0% records processed.  381139 / 544483
[INFO ] 2016-07-02 20:40:54.299 [main] PublishHistTicks - Interval time: Sat Jul 02 20:40:54 EDT 2016 Transactions Per Minute: 0.0022462223
[INFO ] 2016-07-02 20:40:54.704 [main] PublishHistTicks - 80.0% records processed.  435587 / 544483
[INFO ] 2016-07-02 20:40:54.704 [main] PublishHistTicks - Interval time: Sat Jul 02 20:40:54 EDT 2016 Transactions Per Minute: 0.0022448310
[INFO ] 2016-07-02 20:40:55.110 [main] PublishHistTicks - 89.99999999999999% records processed.  490035 / 544483
[INFO ] 2016-07-02 20:40:55.110 [main] PublishHistTicks - Interval time: Sat Jul 02 20:40:55 EDT 2016 Transactions Per Minute: 0.00224375
[INFO ] 2016-07-02 20:40:55.510 [main] PublishHistTicks - 99.99999999999999% records processed.  544483 / 544483
[INFO ] 2016-07-02 20:40:55.510 [main] PublishHistTicks - Interval time: Sat Jul 02 20:40:55 EDT 2016 Transactions Per Minute: 0.0022462170
[INFO ] 2016-07-02 20:40:55.510 [main] PublishHistTicks - Stop time: Sat Jul 02 20:40:55 EDT 2016 Transactions Per Minute: 0.0022462170
[INFO ] 2016-07-02 20:40:55.510 [main] PublishHistTicks - Processing /home/ubuntu/projects/wolf/histdata.com/data/csv/DAT_ASCII_EURUSD_T_201406.csv
[INFO ] 2016-07-02 20:40:55.596 [main] PublishHistTicks - Start time: Sat Jul 02 20:40:55 EDT 2016
[INFO ] 2016-07-02 20:40:55.983 [main] PublishHistTicks - 10.0% records processed.  52986 / 529850
[INFO ] 2016-07-02 20:40:55.983 [main] PublishHistTicks - Interval time: Sat Jul 02 20:40:55 EDT 2016 Transactions Per Minute: 0.0022819121
[INFO ] 2016-07-02 20:40:56.370 [main] PublishHistTicks - 20.0% records processed.  105971 / 529850
[INFO ] 2016-07-02 20:40:56.370 [main] PublishHistTicks - Interval time: Sat Jul 02 20:40:56 EDT 2016 Transactions Per Minute: 0.0022818906
[INFO ] 2016-07-02 20:40:56.760 [main] PublishHistTicks - 30.000000000000004% records processed.  158956 / 529850
[INFO ] 2016-07-02 20:40:56.760 [main] PublishHistTicks - Interval time: Sat Jul 02 20:40:56 EDT 2016 Transactions Per Minute: 0.0022760023
[INFO ] 2016-07-02 20:40:57.149 [main] PublishHistTicks - 40.0% records processed.  211941 / 529850
[INFO ] 2016-07-02 20:40:57.149 [main] PublishHistTicks - Interval time: Sat Jul 02 20:40:57 EDT 2016 Transactions Per Minute: 0.0022745332
[INFO ] 2016-07-02 20:40:57.536 [main] PublishHistTicks - 50.0% records processed.  264926 / 529850
[INFO ] 2016-07-02 20:40:57.537 [main] PublishHistTicks - Interval time: Sat Jul 02 20:40:57 EDT 2016 Transactions Per Minute: 0.0022748240
[INFO ] 2016-07-02 20:40:57.924 [main] PublishHistTicks - 60.0% records processed.  317911 / 529850
[INFO ] 2016-07-02 20:40:57.925 [main] PublishHistTicks - Interval time: Sat Jul 02 20:40:57 EDT 2016 Transactions Per Minute: 0.0022750179
[INFO ] 2016-07-02 20:40:58.312 [main] PublishHistTicks - 70.0% records processed.  370896 / 529850
[INFO ] 2016-07-02 20:40:58.312 [main] PublishHistTicks - Interval time: Sat Jul 02 20:40:58 EDT 2016 Transactions Per Minute: 0.0022759941
[INFO ] 2016-07-02 20:40:58.720 [main] PublishHistTicks - 80.0% records processed.  423880 / 529850
[INFO ] 2016-07-02 20:40:58.720 [main] PublishHistTicks - Interval time: Sat Jul 02 20:40:58 EDT 2016 Transactions Per Minute: 0.0022614170
[INFO ] 2016-07-02 20:40:59.119 [main] PublishHistTicks - 89.99999999999999% records processed.  476865 / 529850
[INFO ] 2016-07-02 20:40:59.119 [main] PublishHistTicks - Interval time: Sat Jul 02 20:40:59 EDT 2016 Transactions Per Minute: 0.0022559608
[INFO ] 2016-07-02 20:40:59.511 [main] PublishHistTicks - 99.99999999999999% records processed.  529850 / 529850
[INFO ] 2016-07-02 20:40:59.511 [main] PublishHistTicks - Interval time: Sat Jul 02 20:40:59 EDT 2016 Transactions Per Minute: 0.0022556407
[INFO ] 2016-07-02 20:40:59.511 [main] PublishHistTicks - Stop time: Sat Jul 02 20:40:59 EDT 2016 Transactions Per Minute: 0.0022556407
[INFO ] 2016-07-02 20:40:59.511 [main] PublishHistTicks - Processing /home/ubuntu/projects/wolf/histdata.com/data/csv/DAT_ASCII_EURUSD_T_201407.csv
[INFO ] 2016-07-02 20:40:59.602 [main] PublishHistTicks - Start time: Sat Jul 02 20:40:59 EDT 2016
[INFO ] 2016-07-02 20:41:00.042 [main] PublishHistTicks - 10.0% records processed.  55892 / 558915
[INFO ] 2016-07-02 20:41:00.042 [main] PublishHistTicks - Interval time: Sat Jul 02 20:41:00 EDT 2016 Transactions Per Minute: 0.0021171212
[INFO ] 2016-07-02 20:41:00.497 [main] PublishHistTicks - 20.0% records processed.  111784 / 558915
[INFO ] 2016-07-02 20:41:00.497 [main] PublishHistTicks - Interval time: Sat Jul 02 20:41:00 EDT 2016 Transactions Per Minute: 0.0020816387
[INFO ] 2016-07-02 20:41:00.910 [main] PublishHistTicks - 30.000000000000004% records processed.  167675 / 558915
[INFO ] 2016-07-02 20:41:00.911 [main] PublishHistTicks - Interval time: Sat Jul 02 20:41:00 EDT 2016 Transactions Per Minute: 0.0021365316
[INFO ] 2016-07-02 20:41:01.325 [main] PublishHistTicks - 40.0% records processed.  223567 / 558915
[INFO ] 2016-07-02 20:41:01.325 [main] PublishHistTicks - Interval time: Sat Jul 02 20:41:01 EDT 2016 Transactions Per Minute: 0.0021625750
[INFO ] 2016-07-02 20:41:01.734 [main] PublishHistTicks - 50.0% records processed.  279458 / 558915
[INFO ] 2016-07-02 20:41:01.735 [main] PublishHistTicks - Interval time: Sat Jul 02 20:41:01 EDT 2016 Transactions Per Minute: 0.0021846310
[INFO ] 2016-07-02 20:41:02.153 [main] PublishHistTicks - 60.0% records processed.  335350 / 558915
[INFO ] 2016-07-02 20:41:02.153 [main] PublishHistTicks - Interval time: Sat Jul 02 20:41:02 EDT 2016 Transactions Per Minute: 0.0021909709
[INFO ] 2016-07-02 20:41:02.607 [main] PublishHistTicks - 70.0% records processed.  391241 / 558915
[INFO ] 2016-07-02 20:41:02.607 [main] PublishHistTicks - Interval time: Sat Jul 02 20:41:02 EDT 2016 Transactions Per Minute: 0.0021699445
[INFO ] 2016-07-02 20:41:03.047 [main] PublishHistTicks - 80.0% records processed.  447132 / 558915
[INFO ] 2016-07-02 20:41:03.047 [main] PublishHistTicks - Interval time: Sat Jul 02 20:41:03 EDT 2016 Transactions Per Minute: 0.0021631930
[INFO ] 2016-07-02 20:41:03.460 [main] PublishHistTicks - 89.99999999999999% records processed.  503024 / 558915
[INFO ] 2016-07-02 20:41:03.460 [main] PublishHistTicks - Interval time: Sat Jul 02 20:41:03 EDT 2016 Transactions Per Minute: 0.0021730776
[INFO ] 2016-07-02 20:41:03.873 [main] PublishHistTicks - 99.99999999999999% records processed.  558915 / 558915
[INFO ] 2016-07-02 20:41:03.873 [main] PublishHistTicks - Interval time: Sat Jul 02 20:41:03 EDT 2016 Transactions Per Minute: 0.0021810466
[INFO ] 2016-07-02 20:41:03.874 [main] PublishHistTicks - Stop time: Sat Jul 02 20:41:03 EDT 2016 Transactions Per Minute: 0.0021810466
[INFO ] 2016-07-02 20:41:03.874 [main] PublishHistTicks - Processing /home/ubuntu/projects/wolf/histdata.com/data/csv/DAT_ASCII_EURUSD_T_201408.csv
[INFO ] 2016-07-02 20:41:03.981 [main] PublishHistTicks - Start time: Sat Jul 02 20:41:03 EDT 2016
[INFO ] 2016-07-02 20:41:04.499 [main] PublishHistTicks - 10.0% records processed.  65631 / 656301
[INFO ] 2016-07-02 20:41:04.499 [main] PublishHistTicks - Interval time: Sat Jul 02 20:41:04 EDT 2016 Transactions Per Minute: 0.0021116795
[INFO ] 2016-07-02 20:41:05.014 [main] PublishHistTicks - 20.0% records processed.  131261 / 656301
[INFO ] 2016-07-02 20:41:05.014 [main] PublishHistTicks - Interval time: Sat Jul 02 20:41:05 EDT 2016 Transactions Per Minute: 0.0021177961
[INFO ] 2016-07-02 20:41:05.523 [main] PublishHistTicks - 30.000000000000004% records processed.  196891 / 656301
[INFO ] 2016-07-02 20:41:05.523 [main] PublishHistTicks - Interval time: Sat Jul 02 20:41:05 EDT 2016 Transactions Per Minute: 0.0021280912
[INFO ] 2016-07-02 20:41:06.001 [main] PublishHistTicks - 40.0% records processed.  262521 / 656301
[INFO ] 2016-07-02 20:41:06.001 [main] PublishHistTicks - Interval time: Sat Jul 02 20:41:06 EDT 2016 Transactions Per Minute: 0.0021660149
[INFO ] 2016-07-02 20:41:06.480 [main] PublishHistTicks - 50.0% records processed.  328151 / 656301
[INFO ] 2016-07-02 20:41:06.480 [main] PublishHistTicks - Interval time: Sat Jul 02 20:41:06 EDT 2016 Transactions Per Minute: 0.0021885488
[INFO ] 2016-07-02 20:41:06.989 [main] PublishHistTicks - 60.0% records processed.  393781 / 656301
[INFO ] 2016-07-02 20:41:06.989 [main] PublishHistTicks - Interval time: Sat Jul 02 20:41:06 EDT 2016 Transactions Per Minute: 0.0021818539
[INFO ] 2016-07-02 20:41:07.517 [main] PublishHistTicks - 70.0% records processed.  459411 / 656301
[INFO ] 2016-07-02 20:41:07.518 [main] PublishHistTicks - Interval time: Sat Jul 02 20:41:07 EDT 2016 Transactions Per Minute: 0.0021647865
[INFO ] 2016-07-02 20:41:08.047 [main] PublishHistTicks - 80.0% records processed.  525041 / 656301
[INFO ] 2016-07-02 20:41:08.047 [main] PublishHistTicks - Interval time: Sat Jul 02 20:41:08 EDT 2016 Transactions Per Minute: 0.0021521602
[INFO ] 2016-07-02 20:41:08.575 [main] PublishHistTicks - 89.99999999999999% records processed.  590671 / 656301
[INFO ] 2016-07-02 20:41:08.575 [main] PublishHistTicks - Interval time: Sat Jul 02 20:41:08 EDT 2016 Transactions Per Minute: 0.0021429074
[INFO ] 2016-07-02 20:41:09.231 [main] PublishHistTicks - 99.99999999999999% records processed.  656301 / 656301
[INFO ] 2016-07-02 20:41:09.231 [main] PublishHistTicks - Interval time: Sat Jul 02 20:41:09 EDT 2016 Transactions Per Minute: 0.0020834952
[INFO ] 2016-07-02 20:41:09.232 [main] PublishHistTicks - Stop time: Sat Jul 02 20:41:09 EDT 2016 Transactions Per Minute: 0.0020834952
[INFO ] 2016-07-02 20:41:09.232 [main] PublishHistTicks - Processing /home/ubuntu/projects/wolf/histdata.com/data/csv/DAT_ASCII_EURUSD_T_201409.csv
[INFO ] 2016-07-02 20:41:09.393 [main] PublishHistTicks - Start time: Sat Jul 02 20:41:09 EDT 2016
[INFO ] 2016-07-02 20:41:10.139 [main] PublishHistTicks - 10.0% records processed.  96684 / 966839
[INFO ] 2016-07-02 20:41:10.139 [main] PublishHistTicks - Interval time: Sat Jul 02 20:41:10 EDT 2016 Transactions Per Minute: 0.0021600536
[INFO ] 2016-07-02 20:41:10.871 [main] PublishHistTicks - 20.0% records processed.  193368 / 966839
[INFO ] 2016-07-02 20:41:10.871 [main] PublishHistTicks - Interval time: Sat Jul 02 20:41:10 EDT 2016 Transactions Per Minute: 0.0021805142
[INFO ] 2016-07-02 20:41:11.623 [main] PublishHistTicks - 30.000000000000004% records processed.  290052 / 966839
[INFO ] 2016-07-02 20:41:11.624 [main] PublishHistTicks - Interval time: Sat Jul 02 20:41:11 EDT 2016 Transactions Per Minute: 0.0021678027
[INFO ] 2016-07-02 20:41:12.335 [main] PublishHistTicks - 40.0% records processed.  386736 / 966839
[INFO ] 2016-07-02 20:41:12.335 [main] PublishHistTicks - Interval time: Sat Jul 02 20:41:12 EDT 2016 Transactions Per Minute: 0.0021908906
[INFO ] 2016-07-02 20:41:13.039 [main] PublishHistTicks - 50.0% records processed.  483420 / 966839
[INFO ] 2016-07-02 20:41:13.039 [main] PublishHistTicks - Interval time: Sat Jul 02 20:41:13 EDT 2016 Transactions Per Minute: 0.0022098190
[INFO ] 2016-07-02 20:41:13.743 [main] PublishHistTicks - 60.0% records processed.  580104 / 966839
[INFO ] 2016-07-02 20:41:13.744 [main] PublishHistTicks - Interval time: Sat Jul 02 20:41:13 EDT 2016 Transactions Per Minute: 0.0022221099
[INFO ] 2016-07-02 20:41:14.448 [main] PublishHistTicks - 70.0% records processed.  676788 / 966839
[INFO ] 2016-07-02 20:41:14.448 [main] PublishHistTicks - Interval time: Sat Jul 02 20:41:14 EDT 2016 Transactions Per Minute: 0.0022314144
[INFO ] 2016-07-02 20:41:15.149 [main] PublishHistTicks - 80.0% records processed.  773472 / 966839
[INFO ] 2016-07-02 20:41:15.150 [main] PublishHistTicks - Interval time: Sat Jul 02 20:41:15 EDT 2016 Transactions Per Minute: 0.0022392218
[INFO ] 2016-07-02 20:41:15.849 [main] PublishHistTicks - 89.99999999999999% records processed.  870156 / 966839
[INFO ] 2016-07-02 20:41:15.849 [main] PublishHistTicks - Interval time: Sat Jul 02 20:41:15 EDT 2016 Transactions Per Minute: 0.0022463755
[INFO ] 2016-07-02 20:41:16.552 [main] PublishHistTicks - 99.99999999999999% records processed.  966839 / 966839
[INFO ] 2016-07-02 20:41:16.553 [main] PublishHistTicks - Interval time: Sat Jul 02 20:41:16 EDT 2016 Transactions Per Minute: 0.0022505563
[INFO ] 2016-07-02 20:41:16.553 [main] PublishHistTicks - Stop time: Sat Jul 02 20:41:16 EDT 2016 Transactions Per Minute: 0.0022505563
[INFO ] 2016-07-02 20:41:16.553 [main] PublishHistTicks - Processing /home/ubuntu/projects/wolf/histdata.com/data/csv/DAT_ASCII_EURUSD_T_201410.csv
[INFO ] 2016-07-02 20:41:16.783 [main] PublishHistTicks - Start time: Sat Jul 02 20:41:16 EDT 2016
[INFO ] 2016-07-02 20:41:17.914 [main] PublishHistTicks - 10.0% records processed.  141708 / 1417071
[INFO ] 2016-07-02 20:41:17.914 [main] PublishHistTicks - Interval time: Sat Jul 02 20:41:17 EDT 2016 Transactions Per Minute: 0.0020882405
[INFO ] 2016-07-02 20:41:18.954 [main] PublishHistTicks - 20.0% records processed.  283415 / 1417071
[INFO ] 2016-07-02 20:41:18.954 [main] PublishHistTicks - Interval time: Sat Jul 02 20:41:18 EDT 2016 Transactions Per Minute: 0.0021757639
[INFO ] 2016-07-02 20:41:20.602 [main] PublishHistTicks - 30.000000000000004% records processed.  425122 / 1417071
[INFO ] 2016-07-02 20:41:20.602 [main] PublishHistTicks - Interval time: Sat Jul 02 20:41:20 EDT 2016 Transactions Per Minute: 0.0018552937
[INFO ] 2016-07-02 20:41:22.578 [main] PublishHistTicks - 40.0% records processed.  566829 / 1417071
[INFO ] 2016-07-02 20:41:22.578 [main] PublishHistTicks - Interval time: Sat Jul 02 20:41:22 EDT 2016 Transactions Per Minute: 0.0016302243
[INFO ] 2016-07-02 20:41:24.821 [main] PublishHistTicks - 50.0% records processed.  708536 / 1417071
[INFO ] 2016-07-02 20:41:24.821 [main] PublishHistTicks - Interval time: Sat Jul 02 20:41:24 EDT 2016 Transactions Per Minute: 0.0014691383
[INFO ] 2016-07-02 20:41:26.922 [main] PublishHistTicks - 60.0% records processed.  850243 / 1417071
[INFO ] 2016-07-02 20:41:26.922 [main] PublishHistTicks - Interval time: Sat Jul 02 20:41:26 EDT 2016 Transactions Per Minute: 0.0013976444
[INFO ] 2016-07-02 20:41:29.085 [main] PublishHistTicks - 70.0% records processed.  991950 / 1417071
[INFO ] 2016-07-02 20:41:29.085 [main] PublishHistTicks - Interval time: Sat Jul 02 20:41:29 EDT 2016 Transactions Per Minute: 0.0013438872
[INFO ] 2016-07-02 20:41:30.946 [main] PublishHistTicks - 80.0% records processed.  1133657 / 1417071
[INFO ] 2016-07-02 20:41:30.946 [main] PublishHistTicks - Interval time: Sat Jul 02 20:41:30 EDT 2016 Transactions Per Minute: 0.0013340594
[INFO ] 2016-07-02 20:41:32.693 [main] PublishHistTicks - 89.99999999999999% records processed.  1275364 / 1417071
[INFO ] 2016-07-02 20:41:32.693 [main] PublishHistTicks - Interval time: Sat Jul 02 20:41:32 EDT 2016 Transactions Per Minute: 0.0013360193
[INFO ] 2016-07-02 20:41:34.658 [main] PublishHistTicks - 99.99999999999999% records processed.  1417071 / 1417071
[INFO ] 2016-07-02 20:41:34.658 [main] PublishHistTicks - Interval time: Sat Jul 02 20:41:34 EDT 2016 Transactions Per Minute: 0.0013212783
[INFO ] 2016-07-02 20:41:34.659 [main] PublishHistTicks - Stop time: Sat Jul 02 20:41:34 EDT 2016 Transactions Per Minute: 0.0013212783
[INFO ] 2016-07-02 20:41:34.659 [main] PublishHistTicks - Processing /home/ubuntu/projects/wolf/histdata.com/data/csv/DAT_ASCII_EURUSD_T_201411.csv
[INFO ] 2016-07-02 20:41:35.151 [main] PublishHistTicks - Start time: Sat Jul 02 20:41:35 EDT 2016
[INFO ] 2016-07-02 20:41:37.249 [main] PublishHistTicks - 10.0% records processed.  160604 / 1606033
[INFO ] 2016-07-02 20:41:37.249 [main] PublishHistTicks - Interval time: Sat Jul 02 20:41:37 EDT 2016 Transactions Per Minute: 0.0012752422
[INFO ] 2016-07-02 20:41:38.533 [main] PublishHistTicks - 20.0% records processed.  321207 / 1606033
[INFO ] 2016-07-02 20:41:38.534 [main] PublishHistTicks - Interval time: Sat Jul 02 20:41:38 EDT 2016 Transactions Per Minute: 0.0015824564
[INFO ] 2016-07-02 20:41:39.830 [main] PublishHistTicks - 30.000000000000004% records processed.  481810 / 1606033
[INFO ] 2016-07-02 20:41:39.831 [main] PublishHistTicks - Interval time: Sat Jul 02 20:41:39 EDT 2016 Transactions Per Minute: 0.0017154810
[INFO ] 2016-07-02 20:41:41.135 [main] PublishHistTicks - 40.0% records processed.  642414 / 1606033
[INFO ] 2016-07-02 20:41:41.136 [main] PublishHistTicks - Interval time: Sat Jul 02 20:41:41 EDT 2016 Transactions Per Minute: 0.0017886569
[INFO ] 2016-07-02 20:41:42.360 [main] PublishHistTicks - 50.0% records processed.  803017 / 1606033
[INFO ] 2016-07-02 20:41:42.361 [main] PublishHistTicks - Interval time: Sat Jul 02 20:41:42 EDT 2016 Transactions Per Minute: 0.0018560001
[INFO ] 2016-07-02 20:41:43.571 [main] PublishHistTicks - 60.0% records processed.  963620 / 1606033
[INFO ] 2016-07-02 20:41:43.571 [main] PublishHistTicks - Interval time: Sat Jul 02 20:41:43 EDT 2016 Transactions Per Minute: 0.0019071765
[INFO ] 2016-07-02 20:41:44.881 [main] PublishHistTicks - 70.0% records processed.  1124224 / 1606033
[INFO ] 2016-07-02 20:41:44.881 [main] PublishHistTicks - Interval time: Sat Jul 02 20:41:44 EDT 2016 Transactions Per Minute: 0.0019255027
[INFO ] 2016-07-02 20:41:46.139 [main] PublishHistTicks - 80.0% records processed.  1284827 / 1606033
[INFO ] 2016-07-02 20:41:46.139 [main] PublishHistTicks - Interval time: Sat Jul 02 20:41:46 EDT 2016 Transactions Per Minute: 0.0019486562
[INFO ] 2016-07-02 20:41:47.402 [main] PublishHistTicks - 89.99999999999999% records processed.  1445430 / 1606033
[INFO ] 2016-07-02 20:41:47.403 [main] PublishHistTicks - Interval time: Sat Jul 02 20:41:47 EDT 2016 Transactions Per Minute: 0.0019660899
[INFO ] 2016-07-02 20:41:48.616 [main] PublishHistTicks - 99.99999999999999% records processed.  1606033 / 1606033
[INFO ] 2016-07-02 20:41:48.616 [main] PublishHistTicks - Interval time: Sat Jul 02 20:41:48 EDT 2016 Transactions Per Minute: 0.0019877630
[INFO ] 2016-07-02 20:41:48.616 [main] PublishHistTicks - Stop time: Sat Jul 02 20:41:48 EDT 2016 Transactions Per Minute: 0.0019877630
[INFO ] 2016-07-02 20:41:48.616 [main] PublishHistTicks - Processing /home/ubuntu/projects/wolf/histdata.com/data/csv/DAT_ASCII_EURUSD_T_201412.csv
[INFO ] 2016-07-02 20:41:48.833 [main] PublishHistTicks - Start time: Sat Jul 02 20:41:48 EDT 2016
[INFO ] 2016-07-02 20:41:49.885 [main] PublishHistTicks - 10.0% records processed.  130245 / 1302447
[INFO ] 2016-07-02 20:41:49.885 [main] PublishHistTicks - Interval time: Sat Jul 02 20:41:49 EDT 2016 Transactions Per Minute: 0.0020634506
[INFO ] 2016-07-02 20:41:50.895 [main] PublishHistTicks - 20.0% records processed.  260490 / 1302447
[INFO ] 2016-07-02 20:41:50.895 [main] PublishHistTicks - Interval time: Sat Jul 02 20:41:50 EDT 2016 Transactions Per Minute: 0.0021054801
[INFO ] 2016-07-02 20:41:51.932 [main] PublishHistTicks - 30.000000000000004% records processed.  390735 / 1302447
[INFO ] 2016-07-02 20:41:51.932 [main] PublishHistTicks - Interval time: Sat Jul 02 20:41:51 EDT 2016 Transactions Per Minute: 0.0021014037
[INFO ] 2016-07-02 20:41:52.987 [main] PublishHistTicks - 40.0% records processed.  520979 / 1302447
[INFO ] 2016-07-02 20:41:52.987 [main] PublishHistTicks - Interval time: Sat Jul 02 20:41:52 EDT 2016 Transactions Per Minute: 0.0020902704
[INFO ] 2016-07-02 20:41:54.016 [main] PublishHistTicks - 50.0% records processed.  651224 / 1302447
[INFO ] 2016-07-02 20:41:54.016 [main] PublishHistTicks - Interval time: Sat Jul 02 20:41:54 EDT 2016 Transactions Per Minute: 0.0020941025
[INFO ] 2016-07-02 20:41:55.017 [main] PublishHistTicks - 60.0% records processed.  781469 / 1302447
[INFO ] 2016-07-02 20:41:55.018 [main] PublishHistTicks - Interval time: Sat Jul 02 20:41:55 EDT 2016 Transactions Per Minute: 0.0021061584
[INFO ] 2016-07-02 20:41:56.063 [main] PublishHistTicks - 70.0% records processed.  911713 / 1302447
[INFO ] 2016-07-02 20:41:56.063 [main] PublishHistTicks - Interval time: Sat Jul 02 20:41:56 EDT 2016 Transactions Per Minute: 0.0021016897
[INFO ] 2016-07-02 20:41:57.115 [main] PublishHistTicks - 80.0% records processed.  1041958 / 1302447
[INFO ] 2016-07-02 20:41:57.115 [main] PublishHistTicks - Interval time: Sat Jul 02 20:41:57 EDT 2016 Transactions Per Minute: 0.0020968325
[INFO ] 2016-07-02 20:41:58.147 [main] PublishHistTicks - 89.99999999999999% records processed.  1172203 / 1302447
[INFO ] 2016-07-02 20:41:58.147 [main] PublishHistTicks - Interval time: Sat Jul 02 20:41:58 EDT 2016 Transactions Per Minute: 0.0020975646
[INFO ] 2016-07-02 20:41:59.208 [main] PublishHistTicks - 99.99999999999999% records processed.  1302447 / 1302447
[INFO ] 2016-07-02 20:41:59.209 [main] PublishHistTicks - Interval time: Sat Jul 02 20:41:59 EDT 2016 Transactions Per Minute: 0.0020920827
[INFO ] 2016-07-02 20:41:59.209 [main] PublishHistTicks - Stop time: Sat Jul 02 20:41:59 EDT 2016 Transactions Per Minute: 0.0020920827
[INFO ] 2016-07-02 20:41:59.209 [main] PublishHistTicks - Processing /home/ubuntu/projects/wolf/histdata.com/data/csv/DAT_ASCII_EURUSD_T_201501.csv
[INFO ] 2016-07-02 20:41:59.488 [main] PublishHistTicks - Start time: Sat Jul 02 20:41:59 EDT 2016
[INFO ] 2016-07-02 20:42:00.776 [main] PublishHistTicks - 10.0% records processed.  169150 / 1691494
[INFO ] 2016-07-02 20:42:00.777 [main] PublishHistTicks - Interval time: Sat Jul 02 20:42:00 EDT 2016 Transactions Per Minute: 0.0021870959
[INFO ] 2016-07-02 20:42:02.025 [main] PublishHistTicks - 20.0% records processed.  338299 / 1691494
[INFO ] 2016-07-02 20:42:02.025 [main] PublishHistTicks - Interval time: Sat Jul 02 20:42:02 EDT 2016 Transactions Per Minute: 0.0022224346
[INFO ] 2016-07-02 20:42:03.351 [main] PublishHistTicks - 30.000000000000004% records processed.  507449 / 1691494
[INFO ] 2016-07-02 20:42:03.351 [main] PublishHistTicks - Interval time: Sat Jul 02 20:42:03 EDT 2016 Transactions Per Minute: 0.0021893563
[INFO ] 2016-07-02 20:42:04.627 [main] PublishHistTicks - 40.0% records processed.  676598 / 1691494
[INFO ] 2016-07-02 20:42:04.627 [main] PublishHistTicks - Interval time: Sat Jul 02 20:42:04 EDT 2016 Transactions Per Minute: 0.0021943244
[INFO ] 2016-07-02 20:42:05.993 [main] PublishHistTicks - 50.0% records processed.  845748 / 1691494
[INFO ] 2016-07-02 20:42:05.993 [main] PublishHistTicks - Interval time: Sat Jul 02 20:42:05 EDT 2016 Transactions Per Minute: 0.0021669178
[INFO ] 2016-07-02 20:42:07.314 [main] PublishHistTicks - 60.0% records processed.  1014897 / 1691494
[INFO ] 2016-07-02 20:42:07.314 [main] PublishHistTicks - Interval time: Sat Jul 02 20:42:07 EDT 2016 Transactions Per Minute: 0.0021613787
[INFO ] 2016-07-02 20:42:08.684 [main] PublishHistTicks - 70.0% records processed.  1184046 / 1691494
[INFO ] 2016-07-02 20:42:08.684 [main] PublishHistTicks - Interval time: Sat Jul 02 20:42:08 EDT 2016 Transactions Per Minute: 0.0021459439
[INFO ] 2016-07-02 20:42:10.037 [main] PublishHistTicks - 80.0% records processed.  1353196 / 1691494
[INFO ] 2016-07-02 20:42:10.037 [main] PublishHistTicks - Interval time: Sat Jul 02 20:42:10 EDT 2016 Transactions Per Minute: 0.0021379530
[INFO ] 2016-07-02 20:42:11.349 [main] PublishHistTicks - 89.99999999999999% records processed.  1522345 / 1691494
[INFO ] 2016-07-02 20:42:11.350 [main] PublishHistTicks - Interval time: Sat Jul 02 20:42:11 EDT 2016 Transactions Per Minute: 0.0021391465
[INFO ] 2016-07-02 20:42:12.694 [main] PublishHistTicks - 99.99999999999999% records processed.  1691494 / 1691494
[INFO ] 2016-07-02 20:42:12.695 [main] PublishHistTicks - Interval time: Sat Jul 02 20:42:12 EDT 2016 Transactions Per Minute: 0.0021345928
[INFO ] 2016-07-02 20:42:12.695 [main] PublishHistTicks - Stop time: Sat Jul 02 20:42:12 EDT 2016 Transactions Per Minute: 0.0021345928
[INFO ] 2016-07-02 20:42:12.695 [main] PublishHistTicks - Processing /home/ubuntu/projects/wolf/histdata.com/data/csv/DAT_ASCII_EURUSD_T_201502.csv
[INFO ] 2016-07-02 20:42:12.921 [main] PublishHistTicks - Start time: Sat Jul 02 20:42:12 EDT 2016
[INFO ] 2016-07-02 20:42:13.995 [main] PublishHistTicks - 10.0% records processed.  133693 / 1336927
[INFO ] 2016-07-02 20:42:13.995 [main] PublishHistTicks - Interval time: Sat Jul 02 20:42:13 EDT 2016 Transactions Per Minute: 0.0020746896
[INFO ] 2016-07-02 20:42:14.995 [main] PublishHistTicks - 20.0% records processed.  267386 / 1336927
[INFO ] 2016-07-02 20:42:14.996 [main] PublishHistTicks - Interval time: Sat Jul 02 20:42:14 EDT 2016 Transactions Per Minute: 0.0021487142
[INFO ] 2016-07-02 20:42:16.037 [main] PublishHistTicks - 30.000000000000004% records processed.  401079 / 1336927
[INFO ] 2016-07-02 20:42:16.037 [main] PublishHistTicks - Interval time: Sat Jul 02 20:42:16 EDT 2016 Transactions Per Minute: 0.0021452664
[INFO ] 2016-07-02 20:42:17.100 [main] PublishHistTicks - 40.0% records processed.  534771 / 1336927
[INFO ] 2016-07-02 20:42:17.100 [main] PublishHistTicks - Interval time: Sat Jul 02 20:42:17 EDT 2016 Transactions Per Minute: 0.0021327710
[INFO ] 2016-07-02 20:42:18.124 [main] PublishHistTicks - 50.0% records processed.  668464 / 1336927
[INFO ] 2016-07-02 20:42:18.124 [main] PublishHistTicks - Interval time: Sat Jul 02 20:42:18 EDT 2016 Transactions Per Minute: 0.0021412775
[INFO ] 2016-07-02 20:42:19.172 [main] PublishHistTicks - 60.0% records processed.  802157 / 1336927
[INFO ] 2016-07-02 20:42:19.172 [main] PublishHistTicks - Interval time: Sat Jul 02 20:42:19 EDT 2016 Transactions Per Minute: 0.0021387431
[INFO ] 2016-07-02 20:42:20.229 [main] PublishHistTicks - 70.0% records processed.  935849 / 1336927
[INFO ] 2016-07-02 20:42:20.229 [main] PublishHistTicks - Interval time: Sat Jul 02 20:42:20 EDT 2016 Transactions Per Minute: 0.0021343026
[INFO ] 2016-07-02 20:42:21.295 [main] PublishHistTicks - 80.0% records processed.  1069542 / 1336927
[INFO ] 2016-07-02 20:42:21.295 [main] PublishHistTicks - Interval time: Sat Jul 02 20:42:21 EDT 2016 Transactions Per Minute: 0.0021286960
[INFO ] 2016-07-02 20:42:22.355 [main] PublishHistTicks - 89.99999999999999% records processed.  1203235 / 1336927
[INFO ] 2016-07-02 20:42:22.355 [main] PublishHistTicks - Interval time: Sat Jul 02 20:42:22 EDT 2016 Transactions Per Minute: 0.0021257067
[INFO ] 2016-07-02 20:42:23.377 [main] PublishHistTicks - 99.99999999999999% records processed.  1336927 / 1336927
[INFO ] 2016-07-02 20:42:23.377 [main] PublishHistTicks - Interval time: Sat Jul 02 20:42:23 EDT 2016 Transactions Per Minute: 0.0021310364
[INFO ] 2016-07-02 20:42:23.377 [main] PublishHistTicks - Stop time: Sat Jul 02 20:42:23 EDT 2016 Transactions Per Minute: 0.0021310364
[INFO ] 2016-07-02 20:42:23.377 [main] PublishHistTicks - Processing /home/ubuntu/projects/wolf/histdata.com/data/csv/DAT_ASCII_EURUSD_T_201503.csv
[INFO ] 2016-07-02 20:42:23.697 [main] PublishHistTicks - Start time: Sat Jul 02 20:42:23 EDT 2016
[INFO ] 2016-07-02 20:42:25.179 [main] PublishHistTicks - 10.0% records processed.  193687 / 1936861
[INFO ] 2016-07-02 20:42:25.179 [main] PublishHistTicks - Interval time: Sat Jul 02 20:42:25 EDT 2016 Transactions Per Minute: 0.0021782164
[INFO ] 2016-07-02 20:42:26.650 [main] PublishHistTicks - 20.0% records processed.  387373 / 1936861
[INFO ] 2016-07-02 20:42:26.650 [main] PublishHistTicks - Interval time: Sat Jul 02 20:42:26 EDT 2016 Transactions Per Minute: 0.0021863246
[INFO ] 2016-07-02 20:42:28.093 [main] PublishHistTicks - 30.000000000000004% records processed.  581059 / 1936861
[INFO ] 2016-07-02 20:42:28.094 [main] PublishHistTicks - Interval time: Sat Jul 02 20:42:28 EDT 2016 Transactions Per Minute: 0.0022029838
[INFO ] 2016-07-02 20:42:29.596 [main] PublishHistTicks - 40.0% records processed.  774745 / 1936861
[INFO ] 2016-07-02 20:42:29.596 [main] PublishHistTicks - Interval time: Sat Jul 02 20:42:29 EDT 2016 Transactions Per Minute: 0.0021889162
[INFO ] 2016-07-02 20:42:31.096 [main] PublishHistTicks - 50.0% records processed.  968431 / 1936861
[INFO ] 2016-07-02 20:42:31.097 [main] PublishHistTicks - Interval time: Sat Jul 02 20:42:31 EDT 2016 Transactions Per Minute: 0.0021814457
[INFO ] 2016-07-02 20:42:32.537 [main] PublishHistTicks - 60.0% records processed.  1162117 / 1936861
[INFO ] 2016-07-02 20:42:32.537 [main] PublishHistTicks - Interval time: Sat Jul 02 20:42:32 EDT 2016 Transactions Per Minute: 0.0021910200
[INFO ] 2016-07-02 20:42:34.091 [main] PublishHistTicks - 70.0% records processed.  1355803 / 1936861
[INFO ] 2016-07-02 20:42:34.091 [main] PublishHistTicks - Interval time: Sat Jul 02 20:42:34 EDT 2016 Transactions Per Minute: 0.0021740155
[INFO ] 2016-07-02 20:42:35.558 [main] PublishHistTicks - 80.0% records processed.  1549489 / 1936861
[INFO ] 2016-07-02 20:42:35.558 [main] PublishHistTicks - Interval time: Sat Jul 02 20:42:35 EDT 2016 Transactions Per Minute: 0.0021772883
[INFO ] 2016-07-02 20:42:37.108 [main] PublishHistTicks - 89.99999999999999% records processed.  1743175 / 1936861
[INFO ] 2016-07-02 20:42:37.108 [main] PublishHistTicks - Interval time: Sat Jul 02 20:42:37 EDT 2016 Transactions Per Minute: 0.0021663498
[INFO ] 2016-07-02 20:42:38.611 [main] PublishHistTicks - 99.99999999999999% records processed.  1936861 / 1936861
[INFO ] 2016-07-02 20:42:38.611 [main] PublishHistTicks - Interval time: Sat Jul 02 20:42:38 EDT 2016 Transactions Per Minute: 0.0021644774
[INFO ] 2016-07-02 20:42:38.611 [main] PublishHistTicks - Stop time: Sat Jul 02 20:42:38 EDT 2016 Transactions Per Minute: 0.0021644774
[INFO ] 2016-07-02 20:42:38.611 [main] PublishHistTicks - Processing /home/ubuntu/projects/wolf/histdata.com/data/csv/DAT_ASCII_EURUSD_T_201504.csv
[INFO ] 2016-07-02 20:42:38.931 [main] PublishHistTicks - Start time: Sat Jul 02 20:42:38 EDT 2016
[INFO ] 2016-07-02 20:42:40.377 [main] PublishHistTicks - 10.0% records processed.  193455 / 1934540
[INFO ] 2016-07-02 20:42:40.377 [main] PublishHistTicks - Interval time: Sat Jul 02 20:42:40 EDT 2016 Transactions Per Minute: 0.0022297718
[INFO ] 2016-07-02 20:42:41.834 [main] PublishHistTicks - 20.0% records processed.  386909 / 1934540
[INFO ] 2016-07-02 20:42:41.834 [main] PublishHistTicks - Interval time: Sat Jul 02 20:42:41 EDT 2016 Transactions Per Minute: 0.0022213170
[INFO ] 2016-07-02 20:42:43.280 [main] PublishHistTicks - 30.000000000000004% records processed.  580363 / 1934540
[INFO ] 2016-07-02 20:42:43.280 [main] PublishHistTicks - Interval time: Sat Jul 02 20:42:43 EDT 2016 Transactions Per Minute: 0.0022241243
[INFO ] 2016-07-02 20:42:44.776 [main] PublishHistTicks - 40.0% records processed.  773817 / 1934540
[INFO ] 2016-07-02 20:42:44.776 [main] PublishHistTicks - Interval time: Sat Jul 02 20:42:44 EDT 2016 Transactions Per Minute: 0.0022064927
[INFO ] 2016-07-02 20:42:46.273 [main] PublishHistTicks - 50.0% records processed.  967271 / 1934540
[INFO ] 2016-07-02 20:42:46.274 [main] PublishHistTicks - Interval time: Sat Jul 02 20:42:46 EDT 2016 Transactions Per Minute: 0.0021957482
[INFO ] 2016-07-02 20:42:47.805 [main] PublishHistTicks - 60.0% records processed.  1160725 / 1934540
[INFO ] 2016-07-02 20:42:47.805 [main] PublishHistTicks - Interval time: Sat Jul 02 20:42:47 EDT 2016 Transactions Per Minute: 0.0021800109
[INFO ] 2016-07-02 20:42:49.316 [main] PublishHistTicks - 70.0% records processed.  1354179 / 1934540
[INFO ] 2016-07-02 20:42:49.316 [main] PublishHistTicks - Interval time: Sat Jul 02 20:42:49 EDT 2016 Transactions Per Minute: 0.0021732932
[INFO ] 2016-07-02 20:42:50.814 [main] PublishHistTicks - 80.0% records processed.  1547632 / 1934540
[INFO ] 2016-07-02 20:42:50.814 [main] PublishHistTicks - Interval time: Sat Jul 02 20:42:50 EDT 2016 Transactions Per Minute: 0.0021706528
[INFO ] 2016-07-02 20:42:52.387 [main] PublishHistTicks - 89.99999999999999% records processed.  1741086 / 1934540
[INFO ] 2016-07-02 20:42:52.387 [main] PublishHistTicks - Interval time: Sat Jul 02 20:42:52 EDT 2016 Transactions Per Minute: 0.0021565175
[INFO ] 2016-07-02 20:42:53.890 [main] PublishHistTicks - 99.99999999999999% records processed.  1934540 / 1934540
[INFO ] 2016-07-02 20:42:53.890 [main] PublishHistTicks - Interval time: Sat Jul 02 20:42:53 EDT 2016 Transactions Per Minute: 0.0021553803
[INFO ] 2016-07-02 20:42:53.890 [main] PublishHistTicks - Stop time: Sat Jul 02 20:42:53 EDT 2016 Transactions Per Minute: 0.0021553803
[INFO ] 2016-07-02 20:42:53.891 [main] PublishHistTicks - Processing /home/ubuntu/projects/wolf/histdata.com/data/csv/DAT_ASCII_EURUSD_T_201505.csv
[INFO ] 2016-07-02 20:42:54.199 [main] PublishHistTicks - Start time: Sat Jul 02 20:42:54 EDT 2016
[INFO ] 2016-07-02 20:42:55.606 [main] PublishHistTicks - 10.0% records processed.  186501 / 1865007
[INFO ] 2016-07-02 20:42:55.606 [main] PublishHistTicks - Interval time: Sat Jul 02 20:42:55 EDT 2016 Transactions Per Minute: 0.0022092040
[INFO ] 2016-07-02 20:42:57.049 [main] PublishHistTicks - 20.0% records processed.  373002 / 1865007
[INFO ] 2016-07-02 20:42:57.049 [main] PublishHistTicks - Interval time: Sat Jul 02 20:42:57 EDT 2016 Transactions Per Minute: 0.0021812982
[INFO ] 2016-07-02 20:42:58.526 [main] PublishHistTicks - 30.000000000000004% records processed.  559503 / 1865007
[INFO ] 2016-07-02 20:42:58.526 [main] PublishHistTicks - Interval time: Sat Jul 02 20:42:58 EDT 2016 Transactions Per Minute: 0.0021550844
[INFO ] 2016-07-02 20:42:59.987 [main] PublishHistTicks - 40.0% records processed.  746003 / 1865007
[INFO ] 2016-07-02 20:42:59.988 [main] PublishHistTicks - Interval time: Sat Jul 02 20:42:59 EDT 2016 Transactions Per Minute: 0.0021481312
[INFO ] 2016-07-02 20:43:01.835 [main] PublishHistTicks - 50.0% records processed.  932504 / 1865007
[INFO ] 2016-07-02 20:43:01.835 [main] PublishHistTicks - Interval time: Sat Jul 02 20:43:01 EDT 2016 Transactions Per Minute: 0.0020353239
[INFO ] 2016-07-02 20:43:04.907 [main] PublishHistTicks - 60.0% records processed.  1119005 / 1865007
[INFO ] 2016-07-02 20:43:04.908 [main] PublishHistTicks - Interval time: Sat Jul 02 20:43:04 EDT 2016 Transactions Per Minute: 0.0017416962
[INFO ] 2016-07-02 20:43:07.154 [main] PublishHistTicks - 70.0% records processed.  1305505 / 1865007
[INFO ] 2016-07-02 20:43:07.155 [main] PublishHistTicks - Interval time: Sat Jul 02 20:43:07 EDT 2016 Transactions Per Minute: 0.0016794085
[INFO ] 2016-07-02 20:43:09.836 [main] PublishHistTicks - 80.0% records processed.  1492006 / 1865007
[INFO ] 2016-07-02 20:43:09.836 [main] PublishHistTicks - Interval time: Sat Jul 02 20:43:09 EDT 2016 Transactions Per Minute: 0.0015902518
[INFO ] 2016-07-02 20:43:11.311 [main] PublishHistTicks - 89.99999999999999% records processed.  1678507 / 1865007
[INFO ] 2016-07-02 20:43:11.312 [main] PublishHistTicks - Interval time: Sat Jul 02 20:43:11 EDT 2016 Transactions Per Minute: 0.0016348245
[INFO ] 2016-07-02 20:43:12.787 [main] PublishHistTicks - 99.99999999999999% records processed.  1865007 / 1865007
[INFO ] 2016-07-02 20:43:12.787 [main] PublishHistTicks - Interval time: Sat Jul 02 20:43:12 EDT 2016 Transactions Per Minute: 0.0016722321
[INFO ] 2016-07-02 20:43:12.787 [main] PublishHistTicks - Stop time: Sat Jul 02 20:43:12 EDT 2016 Transactions Per Minute: 0.0016722321
[INFO ] 2016-07-02 20:43:12.787 [main] PublishHistTicks - Processing /home/ubuntu/projects/wolf/histdata.com/data/csv/DAT_ASCII_EURUSD_T_201506.csv
[INFO ] 2016-07-02 20:43:13.113 [main] PublishHistTicks - Start time: Sat Jul 02 20:43:13 EDT 2016
[INFO ] 2016-07-02 20:43:14.903 [main] PublishHistTicks - 10.0% records processed.  197262 / 1972615
[INFO ] 2016-07-02 20:43:14.903 [main] PublishHistTicks - Interval time: Sat Jul 02 20:43:14 EDT 2016 Transactions Per Minute: 0.0018367039
[INFO ] 2016-07-02 20:43:16.669 [main] PublishHistTicks - 20.0% records processed.  394524 / 1972615
[INFO ] 2016-07-02 20:43:16.670 [main] PublishHistTicks - Interval time: Sat Jul 02 20:43:16 EDT 2016 Transactions Per Minute: 0.0018491001
[INFO ] 2016-07-02 20:43:19.550 [main] PublishHistTicks - 30.000000000000004% records processed.  591785 / 1972615
[INFO ] 2016-07-02 20:43:19.550 [main] PublishHistTicks - Interval time: Sat Jul 02 20:43:19 EDT 2016 Transactions Per Minute: 0.0015322485
[INFO ] 2016-07-02 20:43:22.483 [main] PublishHistTicks - 40.0% records processed.  789047 / 1972615
[INFO ] 2016-07-02 20:43:22.483 [main] PublishHistTicks - Interval time: Sat Jul 02 20:43:22 EDT 2016 Transactions Per Minute: 0.0014034988
[INFO ] 2016-07-02 20:43:25.203 [main] PublishHistTicks - 50.0% records processed.  986308 / 1972615
[INFO ] 2016-07-02 20:43:25.203 [main] PublishHistTicks - Interval time: Sat Jul 02 20:43:25 EDT 2016 Transactions Per Minute: 0.0013596747
[INFO ] 2016-07-02 20:43:28.087 [main] PublishHistTicks - 60.0% records processed.  1183570 / 1972615
[INFO ] 2016-07-02 20:43:28.087 [main] PublishHistTicks - Interval time: Sat Jul 02 20:43:28 EDT 2016 Transactions Per Minute: 0.0013173612
[INFO ] 2016-07-02 20:43:30.044 [main] PublishHistTicks - 70.0% records processed.  1380831 / 1972615
[INFO ] 2016-07-02 20:43:30.044 [main] PublishHistTicks - Interval time: Sat Jul 02 20:43:30 EDT 2016 Transactions Per Minute: 0.0013592729
[INFO ] 2016-07-02 20:43:32.105 [main] PublishHistTicks - 80.0% records processed.  1578092 / 1972615
[INFO ] 2016-07-02 20:43:32.105 [main] PublishHistTicks - Interval time: Sat Jul 02 20:43:32 EDT 2016 Transactions Per Minute: 0.0013848743
[INFO ] 2016-07-02 20:43:33.998 [main] PublishHistTicks - 89.99999999999999% records processed.  1775354 / 1972615
[INFO ] 2016-07-02 20:43:33.998 [main] PublishHistTicks - Interval time: Sat Jul 02 20:43:33 EDT 2016 Transactions Per Minute: 0.0014167696
[INFO ] 2016-07-02 20:43:35.534 [main] PublishHistTicks - 99.99999999999999% records processed.  1972615 / 1972615
[INFO ] 2016-07-02 20:43:35.534 [main] PublishHistTicks - Interval time: Sat Jul 02 20:43:35 EDT 2016 Transactions Per Minute: 0.0014663448
[INFO ] 2016-07-02 20:43:35.534 [main] PublishHistTicks - Stop time: Sat Jul 02 20:43:35 EDT 2016 Transactions Per Minute: 0.0014663448
[INFO ] 2016-07-02 20:43:35.534 [main] PublishHistTicks - Processing /home/ubuntu/projects/wolf/histdata.com/data/csv/DAT_ASCII_EURUSD_T_201507.csv
[INFO ] 2016-07-02 20:43:35.814 [main] PublishHistTicks - Start time: Sat Jul 02 20:43:35 EDT 2016
[INFO ] 2016-07-02 20:43:37.151 [main] PublishHistTicks - 10.0% records processed.  169723 / 1697226
[INFO ] 2016-07-02 20:43:37.151 [main] PublishHistTicks - Interval time: Sat Jul 02 20:43:37 EDT 2016 Transactions Per Minute: 0.0021157193
[INFO ] 2016-07-02 20:43:38.487 [main] PublishHistTicks - 20.0% records processed.  339446 / 1697226
[INFO ] 2016-07-02 20:43:38.487 [main] PublishHistTicks - Interval time: Sat Jul 02 20:43:38 EDT 2016 Transactions Per Minute: 0.0021165108
[INFO ] 2016-07-02 20:43:39.752 [main] PublishHistTicks - 30.000000000000004% records processed.  509168 / 1697226
[INFO ] 2016-07-02 20:43:39.752 [main] PublishHistTicks - Interval time: Sat Jul 02 20:43:39 EDT 2016 Transactions Per Minute: 0.0021549348
[INFO ] 2016-07-02 20:43:41.010 [main] PublishHistTicks - 40.0% records processed.  678891 / 1697226
[INFO ] 2016-07-02 20:43:41.010 [main] PublishHistTicks - Interval time: Sat Jul 02 20:43:41 EDT 2016 Transactions Per Minute: 0.0021776078
[INFO ] 2016-07-02 20:43:42.255 [main] PublishHistTicks - 50.0% records processed.  848614 / 1697226
[INFO ] 2016-07-02 20:43:42.255 [main] PublishHistTicks - Interval time: Sat Jul 02 20:43:42 EDT 2016 Transactions Per Minute: 0.0021958650
[INFO ] 2016-07-02 20:43:43.547 [main] PublishHistTicks - 60.0% records processed.  1018336 / 1697226
[INFO ] 2016-07-02 20:43:43.547 [main] PublishHistTicks - Interval time: Sat Jul 02 20:43:43 EDT 2016 Transactions Per Minute: 0.0021947843
[INFO ] 2016-07-02 20:43:44.869 [main] PublishHistTicks - 70.0% records processed.  1188059 / 1697226
[INFO ] 2016-07-02 20:43:44.870 [main] PublishHistTicks - Interval time: Sat Jul 02 20:43:44 EDT 2016 Transactions Per Minute: 0.0021867458
[INFO ] 2016-07-02 20:43:46.146 [main] PublishHistTicks - 80.0% records processed.  1357781 / 1697226
[INFO ] 2016-07-02 20:43:46.146 [main] PublishHistTicks - Interval time: Sat Jul 02 20:43:46 EDT 2016 Transactions Per Minute: 0.0021902520
[INFO ] 2016-07-02 20:43:47.473 [main] PublishHistTicks - 89.99999999999999% records processed.  1527504 / 1697226
[INFO ] 2016-07-02 20:43:47.473 [main] PublishHistTicks - Interval time: Sat Jul 02 20:43:47 EDT 2016 Transactions Per Minute: 0.0021835835
[INFO ] 2016-07-02 20:43:48.747 [main] PublishHistTicks - 99.99999999999999% records processed.  1697226 / 1697226
[INFO ] 2016-07-02 20:43:48.747 [main] PublishHistTicks - Interval time: Sat Jul 02 20:43:48 EDT 2016 Transactions Per Minute: 0.0021872033
[INFO ] 2016-07-02 20:43:48.747 [main] PublishHistTicks - Stop time: Sat Jul 02 20:43:48 EDT 2016 Transactions Per Minute: 0.0021872033
[INFO ] 2016-07-02 20:43:48.747 [main] PublishHistTicks - Processing /home/ubuntu/projects/wolf/histdata.com/data/csv/DAT_ASCII_EURUSD_T_201508.csv
[INFO ] 2016-07-02 20:43:49.010 [main] PublishHistTicks - Start time: Sat Jul 02 20:43:49 EDT 2016
[INFO ] 2016-07-02 20:43:50.274 [main] PublishHistTicks - 10.0% records processed.  157915 / 1579149
[INFO ] 2016-07-02 20:43:50.274 [main] PublishHistTicks - Interval time: Sat Jul 02 20:43:50 EDT 2016 Transactions Per Minute: 0.0020822126
[INFO ] 2016-07-02 20:43:51.567 [main] PublishHistTicks - 20.0% records processed.  315830 / 1579149
[INFO ] 2016-07-02 20:43:51.567 [main] PublishHistTicks - Interval time: Sat Jul 02 20:43:51 EDT 2016 Transactions Per Minute: 0.0020585973
[INFO ] 2016-07-02 20:43:52.829 [main] PublishHistTicks - 30.000000000000004% records processed.  473745 / 1579149
[INFO ] 2016-07-02 20:43:52.830 [main] PublishHistTicks - Interval time: Sat Jul 02 20:43:52 EDT 2016 Transactions Per Minute: 0.0020674915
[INFO ] 2016-07-02 20:43:54.037 [main] PublishHistTicks - 40.0% records processed.  631660 / 1579149
[INFO ] 2016-07-02 20:43:54.037 [main] PublishHistTicks - Interval time: Sat Jul 02 20:43:54 EDT 2016 Transactions Per Minute: 0.0020942245
[INFO ] 2016-07-02 20:43:55.202 [main] PublishHistTicks - 50.0% records processed.  789575 / 1579149
[INFO ] 2016-07-02 20:43:55.202 [main] PublishHistTicks - Interval time: Sat Jul 02 20:43:55 EDT 2016 Transactions Per Minute: 0.0021252557
[INFO ] 2016-07-02 20:43:56.408 [main] PublishHistTicks - 60.0% records processed.  947490 / 1579149
[INFO ] 2016-07-02 20:43:56.408 [main] PublishHistTicks - Interval time: Sat Jul 02 20:43:56 EDT 2016 Transactions Per Minute: 0.0021345634
[INFO ] 2016-07-02 20:43:57.665 [main] PublishHistTicks - 70.0% records processed.  1105405 / 1579149
[INFO ] 2016-07-02 20:43:57.665 [main] PublishHistTicks - Interval time: Sat Jul 02 20:43:57 EDT 2016 Transactions Per Minute: 0.0021286443
[INFO ] 2016-07-02 20:43:58.848 [main] PublishHistTicks - 80.0% records processed.  1263320 / 1579149
[INFO ] 2016-07-02 20:43:58.848 [main] PublishHistTicks - Interval time: Sat Jul 02 20:43:58 EDT 2016 Transactions Per Minute: 0.0021402046
[INFO ] 2016-07-02 20:44:00.070 [main] PublishHistTicks - 89.99999999999999% records processed.  1421235 / 1579149
[INFO ] 2016-07-02 20:44:00.070 [main] PublishHistTicks - Interval time: Sat Jul 02 20:44:00 EDT 2016 Transactions Per Minute: 0.0021417043
[INFO ] 2016-07-02 20:44:01.286 [main] PublishHistTicks - 99.99999999999999% records processed.  1579149 / 1579149
[INFO ] 2016-07-02 20:44:01.286 [main] PublishHistTicks - Interval time: Sat Jul 02 20:44:01 EDT 2016 Transactions Per Minute: 0.0021439516
[INFO ] 2016-07-02 20:44:01.286 [main] PublishHistTicks - Stop time: Sat Jul 02 20:44:01 EDT 2016 Transactions Per Minute: 0.0021439516
[INFO ] 2016-07-02 20:44:01.286 [main] PublishHistTicks - Processing /home/ubuntu/projects/wolf/histdata.com/data/csv/DAT_ASCII_EURUSD_T_201509.csv
[INFO ] 2016-07-02 20:44:01.540 [main] PublishHistTicks - Start time: Sat Jul 02 20:44:01 EDT 2016
[INFO ] 2016-07-02 20:44:02.776 [main] PublishHistTicks - 10.0% records processed.  153244 / 1532431
[INFO ] 2016-07-02 20:44:02.776 [main] PublishHistTicks - Interval time: Sat Jul 02 20:44:02 EDT 2016 Transactions Per Minute: 0.0020663970
[INFO ] 2016-07-02 20:44:03.956 [main] PublishHistTicks - 20.0% records processed.  306487 / 1532431
[INFO ] 2016-07-02 20:44:03.956 [main] PublishHistTicks - Interval time: Sat Jul 02 20:44:03 EDT 2016 Transactions Per Minute: 0.0021142867
[INFO ] 2016-07-02 20:44:05.106 [main] PublishHistTicks - 30.000000000000004% records processed.  459730 / 1532431
[INFO ] 2016-07-02 20:44:05.106 [main] PublishHistTicks - Interval time: Sat Jul 02 20:44:05 EDT 2016 Transactions Per Minute: 0.0021486726
[INFO ] 2016-07-02 20:44:06.314 [main] PublishHistTicks - 40.0% records processed.  612973 / 1532431
[INFO ] 2016-07-02 20:44:06.314 [main] PublishHistTicks - Interval time: Sat Jul 02 20:44:06 EDT 2016 Transactions Per Minute: 0.0021399700
[INFO ] 2016-07-02 20:44:07.476 [main] PublishHistTicks - 50.0% records processed.  766216 / 1532431
[INFO ] 2016-07-02 20:44:07.476 [main] PublishHistTicks - Interval time: Sat Jul 02 20:44:07 EDT 2016 Transactions Per Minute: 0.0021513252
[INFO ] 2016-07-02 20:44:08.656 [main] PublishHistTicks - 60.0% records processed.  919459 / 1532431
[INFO ] 2016-07-02 20:44:08.656 [main] PublishHistTicks - Interval time: Sat Jul 02 20:44:08 EDT 2016 Transactions Per Minute: 0.0021535015
[INFO ] 2016-07-02 20:44:09.825 [main] PublishHistTicks - 70.0% records processed.  1072702 / 1532431
[INFO ] 2016-07-02 20:44:09.826 [main] PublishHistTicks - Interval time: Sat Jul 02 20:44:09 EDT 2016 Transactions Per Minute: 0.0021576595
[INFO ] 2016-07-02 20:44:11.055 [main] PublishHistTicks - 80.0% records processed.  1225945 / 1532431
[INFO ] 2016-07-02 20:44:11.056 [main] PublishHistTicks - Interval time: Sat Jul 02 20:44:11 EDT 2016 Transactions Per Minute: 0.0021473901
[INFO ] 2016-07-02 20:44:12.240 [main] PublishHistTicks - 89.99999999999999% records processed.  1379188 / 1532431
[INFO ] 2016-07-02 20:44:12.240 [main] PublishHistTicks - Interval time: Sat Jul 02 20:44:12 EDT 2016 Transactions Per Minute: 0.0021482679
[INFO ] 2016-07-02 20:44:13.429 [main] PublishHistTicks - 99.99999999999999% records processed.  1532431 / 1532431
[INFO ] 2016-07-02 20:44:13.430 [main] PublishHistTicks - Interval time: Sat Jul 02 20:44:13 EDT 2016 Transactions Per Minute: 0.0021480670
[INFO ] 2016-07-02 20:44:13.430 [main] PublishHistTicks - Stop time: Sat Jul 02 20:44:13 EDT 2016 Transactions Per Minute: 0.0021480670
[INFO ] 2016-07-02 20:44:13.430 [main] PublishHistTicks - Processing /home/ubuntu/projects/wolf/histdata.com/data/csv/DAT_ASCII_EURUSD_T_201510.csv
[INFO ] 2016-07-02 20:44:13.680 [main] PublishHistTicks - Start time: Sat Jul 02 20:44:13 EDT 2016
[INFO ] 2016-07-02 20:44:14.814 [main] PublishHistTicks - 10.0% records processed.  151090 / 1510890
[INFO ] 2016-07-02 20:44:14.815 [main] PublishHistTicks - Interval time: Sat Jul 02 20:44:14 EDT 2016 Transactions Per Minute: 0.0022186490
[INFO ] 2016-07-02 20:44:15.929 [main] PublishHistTicks - 20.0% records processed.  302179 / 1510890
[INFO ] 2016-07-02 20:44:15.929 [main] PublishHistTicks - Interval time: Sat Jul 02 20:44:15 EDT 2016 Transactions Per Minute: 0.0022393582
[INFO ] 2016-07-02 20:44:17.060 [main] PublishHistTicks - 30.000000000000004% records processed.  453268 / 1510890
[INFO ] 2016-07-02 20:44:17.061 [main] PublishHistTicks - Interval time: Sat Jul 02 20:44:17 EDT 2016 Transactions Per Minute: 0.0022343882
[INFO ] 2016-07-02 20:44:18.176 [main] PublishHistTicks - 40.0% records processed.  604357 / 1510890
[INFO ] 2016-07-02 20:44:18.177 [main] PublishHistTicks - Interval time: Sat Jul 02 20:44:18 EDT 2016 Transactions Per Minute: 0.0022403507
[INFO ] 2016-07-02 20:44:19.394 [main] PublishHistTicks - 50.0% records processed.  755446 / 1510890
[INFO ] 2016-07-02 20:44:19.395 [main] PublishHistTicks - Interval time: Sat Jul 02 20:44:19 EDT 2016 Transactions Per Minute: 0.0022031088
[INFO ] 2016-07-02 20:44:20.618 [main] PublishHistTicks - 60.0% records processed.  906535 / 1510890
[INFO ] 2016-07-02 20:44:20.618 [main] PublishHistTicks - Interval time: Sat Jul 02 20:44:20 EDT 2016 Transactions Per Minute: 0.0021777049
[INFO ] 2016-07-02 20:44:21.815 [main] PublishHistTicks - 70.0% records processed.  1057624 / 1510890
[INFO ] 2016-07-02 20:44:21.816 [main] PublishHistTicks - Interval time: Sat Jul 02 20:44:21 EDT 2016 Transactions Per Minute: 0.0021665520
[INFO ] 2016-07-02 20:44:22.941 [main] PublishHistTicks - 80.0% records processed.  1208712 / 1510890
[INFO ] 2016-07-02 20:44:22.942 [main] PublishHistTicks - Interval time: Sat Jul 02 20:44:22 EDT 2016 Transactions Per Minute: 0.0021752726
[INFO ] 2016-07-02 20:44:24.062 [main] PublishHistTicks - 89.99999999999999% records processed.  1359801 / 1510890
[INFO ] 2016-07-02 20:44:24.062 [main] PublishHistTicks - Interval time: Sat Jul 02 20:44:24 EDT 2016 Transactions Per Minute: 0.0021829464
[INFO ] 2016-07-02 20:44:25.207 [main] PublishHistTicks - 99.99999999999999% records processed.  1510890 / 1510890
[INFO ] 2016-07-02 20:44:25.207 [main] PublishHistTicks - Interval time: Sat Jul 02 20:44:25 EDT 2016 Transactions Per Minute: 0.0021845667
[INFO ] 2016-07-02 20:44:25.207 [main] PublishHistTicks - Stop time: Sat Jul 02 20:44:25 EDT 2016 Transactions Per Minute: 0.0021845667
[INFO ] 2016-07-02 20:44:25.207 [main] PublishHistTicks - Processing /home/ubuntu/projects/wolf/histdata.com/data/csv/DAT_ASCII_EURUSD_T_201511.csv
[INFO ] 2016-07-02 20:44:25.474 [main] PublishHistTicks - Start time: Sat Jul 02 20:44:25 EDT 2016
[INFO ] 2016-07-02 20:44:26.754 [main] PublishHistTicks - 10.0% records processed.  159679 / 1596789
[INFO ] 2016-07-02 20:44:26.754 [main] PublishHistTicks - Interval time: Sat Jul 02 20:44:26 EDT 2016 Transactions Per Minute: 0.0020791536
[INFO ] 2016-07-02 20:44:28.032 [main] PublishHistTicks - 20.0% records processed.  319358 / 1596789
[INFO ] 2016-07-02 20:44:28.032 [main] PublishHistTicks - Interval time: Sat Jul 02 20:44:28 EDT 2016 Transactions Per Minute: 0.0020807793
[INFO ] 2016-07-02 20:44:29.254 [main] PublishHistTicks - 30.000000000000004% records processed.  479037 / 1596789
[INFO ] 2016-07-02 20:44:29.254 [main] PublishHistTicks - Interval time: Sat Jul 02 20:44:29 EDT 2016 Transactions Per Minute: 0.0021121561
[INFO ] 2016-07-02 20:44:30.458 [main] PublishHistTicks - 40.0% records processed.  638716 / 1596789
[INFO ] 2016-07-02 20:44:30.458 [main] PublishHistTicks - Interval time: Sat Jul 02 20:44:30 EDT 2016 Transactions Per Minute: 0.0021358882
[INFO ] 2016-07-02 20:44:31.644 [main] PublishHistTicks - 50.0% records processed.  798395 / 1596789
[INFO ] 2016-07-02 20:44:31.644 [main] PublishHistTicks - Interval time: Sat Jul 02 20:44:31 EDT 2016 Transactions Per Minute: 0.0021566586
[INFO ] 2016-07-02 20:44:32.853 [main] PublishHistTicks - 60.0% records processed.  958074 / 1596789
[INFO ] 2016-07-02 20:44:32.853 [main] PublishHistTicks - Interval time: Sat Jul 02 20:44:32 EDT 2016 Transactions Per Minute: 0.0021639653
[INFO ] 2016-07-02 20:44:34.097 [main] PublishHistTicks - 70.0% records processed.  1117753 / 1596789
[INFO ] 2016-07-02 20:44:34.097 [main] PublishHistTicks - Interval time: Sat Jul 02 20:44:34 EDT 2016 Transactions Per Minute: 0.0021604101
[INFO ] 2016-07-02 20:44:35.355 [main] PublishHistTicks - 80.0% records processed.  1277432 / 1596789
[INFO ] 2016-07-02 20:44:35.356 [main] PublishHistTicks - Interval time: Sat Jul 02 20:44:35 EDT 2016 Transactions Per Minute: 0.0021544762
[INFO ] 2016-07-02 20:44:36.619 [main] PublishHistTicks - 89.99999999999999% records processed.  1437111 / 1596789
[INFO ] 2016-07-02 20:44:36.619 [main] PublishHistTicks - Interval time: Sat Jul 02 20:44:36 EDT 2016 Transactions Per Minute: 0.0021491117
[INFO ] 2016-07-02 20:44:37.857 [main] PublishHistTicks - 99.99999999999999% records processed.  1596789 / 1596789
[INFO ] 2016-07-02 20:44:37.857 [main] PublishHistTicks - Interval time: Sat Jul 02 20:44:37 EDT 2016 Transactions Per Minute: 0.0021491682
[INFO ] 2016-07-02 20:44:37.857 [main] PublishHistTicks - Stop time: Sat Jul 02 20:44:37 EDT 2016 Transactions Per Minute: 0.0021491682
[INFO ] 2016-07-02 20:44:37.857 [main] PublishHistTicks - Processing /home/ubuntu/projects/wolf/histdata.com/data/csv/DAT_ASCII_EURUSD_T_201512.csv
[INFO ] 2016-07-02 20:44:38.150 [main] PublishHistTicks - Start time: Sat Jul 02 20:44:38 EDT 2016
[INFO ] 2016-07-02 20:44:39.494 [main] PublishHistTicks - 10.0% records processed.  176124 / 1761237
[INFO ] 2016-07-02 20:44:39.494 [main] PublishHistTicks - Interval time: Sat Jul 02 20:44:39 EDT 2016 Transactions Per Minute: 0.0021840774
[INFO ] 2016-07-02 20:44:40.819 [main] PublishHistTicks - 20.0% records processed.  352248 / 1761237
[INFO ] 2016-07-02 20:44:40.819 [main] PublishHistTicks - Interval time: Sat Jul 02 20:44:40 EDT 2016 Transactions Per Minute: 0.0021996253
[INFO ] 2016-07-02 20:44:42.118 [main] PublishHistTicks - 30.000000000000004% records processed.  528372 / 1761237
[INFO ] 2016-07-02 20:44:42.118 [main] PublishHistTicks - Interval time: Sat Jul 02 20:44:42 EDT 2016 Transactions Per Minute: 0.0022193044
[INFO ] 2016-07-02 20:44:43.424 [main] PublishHistTicks - 40.0% records processed.  704495 / 1761237
[INFO ] 2016-07-02 20:44:43.424 [main] PublishHistTicks - Interval time: Sat Jul 02 20:44:43 EDT 2016 Transactions Per Minute: 0.0022263146
[INFO ] 2016-07-02 20:44:44.797 [main] PublishHistTicks - 50.0% records processed.  880619 / 1761237
[INFO ] 2016-07-02 20:44:44.798 [main] PublishHistTicks - Interval time: Sat Jul 02 20:44:44 EDT 2016 Transactions Per Minute: 0.0022077291
[INFO ] 2016-07-02 20:44:46.194 [main] PublishHistTicks - 60.0% records processed.  1056743 / 1761237
[INFO ] 2016-07-02 20:44:46.194 [main] PublishHistTicks - Interval time: Sat Jul 02 20:44:46 EDT 2016 Transactions Per Minute: 0.0021895056
[INFO ] 2016-07-02 20:44:47.620 [main] PublishHistTicks - 70.0% records processed.  1232866 / 1761237
[INFO ] 2016-07-02 20:44:47.621 [main] PublishHistTicks - Interval time: Sat Jul 02 20:44:47 EDT 2016 Transactions Per Minute: 0.0021697747
[INFO ] 2016-07-02 20:44:49.557 [main] PublishHistTicks - 80.0% records processed.  1408990 / 1761237
[INFO ] 2016-07-02 20:44:49.557 [main] PublishHistTicks - Interval time: Sat Jul 02 20:44:49 EDT 2016 Transactions Per Minute: 0.0020586628
[INFO ] 2016-07-02 20:44:51.612 [main] PublishHistTicks - 89.99999999999999% records processed.  1585114 / 1761237
[INFO ] 2016-07-02 20:44:51.612 [main] PublishHistTicks - Interval time: Sat Jul 02 20:44:51 EDT 2016 Transactions Per Minute: 0.0019624548
[INFO ] 2016-07-02 20:44:53.025 [main] PublishHistTicks - 99.99999999999999% records processed.  1761237 / 1761237
[INFO ] 2016-07-02 20:44:53.025 [main] PublishHistTicks - Interval time: Sat Jul 02 20:44:53 EDT 2016 Transactions Per Minute: 0.0019733748
[INFO ] 2016-07-02 20:44:53.025 [main] PublishHistTicks - Stop time: Sat Jul 02 20:44:53 EDT 2016 Transactions Per Minute: 0.0019733748
[INFO ] 2016-07-02 20:44:53.025 [main] PublishHistTicks - Processing /home/ubuntu/projects/wolf/histdata.com/data/csv/DAT_ASCII_EURUSD_T_201601.csv
[INFO ] 2016-07-02 20:44:53.371 [main] PublishHistTicks - Start time: Sat Jul 02 20:44:53 EDT 2016
[INFO ] 2016-07-02 20:44:55.016 [main] PublishHistTicks - 10.0% records processed.  208169 / 2081682
[INFO ] 2016-07-02 20:44:55.017 [main] PublishHistTicks - Interval time: Sat Jul 02 20:44:55 EDT 2016 Transactions Per Minute: 0.0021078271
[INFO ] 2016-07-02 20:44:56.627 [main] PublishHistTicks - 20.0% records processed.  416337 / 2081682
[INFO ] 2016-07-02 20:44:56.627 [main] PublishHistTicks - Interval time: Sat Jul 02 20:44:56 EDT 2016 Transactions Per Minute: 0.0021311271
[INFO ] 2016-07-02 20:44:58.202 [main] PublishHistTicks - 30.000000000000004% records processed.  624505 / 2081682
[INFO ] 2016-07-02 20:44:58.202 [main] PublishHistTicks - Interval time: Sat Jul 02 20:44:58 EDT 2016 Transactions Per Minute: 0.0021545056
[INFO ] 2016-07-02 20:44:59.796 [main] PublishHistTicks - 40.0% records processed.  832673 / 2081682
[INFO ] 2016-07-02 20:44:59.796 [main] PublishHistTicks - Interval time: Sat Jul 02 20:44:59 EDT 2016 Transactions Per Minute: 0.0021599818
[INFO ] 2016-07-02 20:45:01.408 [main] PublishHistTicks - 50.0% records processed.  1040842 / 2081682
[INFO ] 2016-07-02 20:45:01.408 [main] PublishHistTicks - Interval time: Sat Jul 02 20:45:01 EDT 2016 Transactions Per Minute: 0.0021584381
[INFO ] 2016-07-02 20:45:03.037 [main] PublishHistTicks - 60.0% records processed.  1249010 / 2081682
[INFO ] 2016-07-02 20:45:03.037 [main] PublishHistTicks - Interval time: Sat Jul 02 20:45:03 EDT 2016 Transactions Per Minute: 0.0021536140
[INFO ] 2016-07-02 20:45:04.643 [main] PublishHistTicks - 70.0% records processed.  1457178 / 2081682
[INFO ] 2016-07-02 20:45:04.643 [main] PublishHistTicks - Interval time: Sat Jul 02 20:45:04 EDT 2016 Transactions Per Minute: 0.0021545688
[INFO ] 2016-07-02 20:45:06.248 [main] PublishHistTicks - 80.0% records processed.  1665346 / 2081682
[INFO ] 2016-07-02 20:45:06.249 [main] PublishHistTicks - Interval time: Sat Jul 02 20:45:06 EDT 2016 Transactions Per Minute: 0.0021554529
[INFO ] 2016-07-02 20:45:07.885 [main] PublishHistTicks - 89.99999999999999% records processed.  1873514 / 2081682
[INFO ] 2016-07-02 20:45:07.886 [main] PublishHistTicks - Interval time: Sat Jul 02 20:45:07 EDT 2016 Transactions Per Minute: 0.0021512389
[INFO ] 2016-07-02 20:45:09.820 [main] PublishHistTicks - 99.99999999999999% records processed.  2081682 / 2081682
[INFO ] 2016-07-02 20:45:09.821 [main] PublishHistTicks - Interval time: Sat Jul 02 20:45:09 EDT 2016 Transactions Per Minute: 0.0021092285
[INFO ] 2016-07-02 20:45:09.821 [main] PublishHistTicks - Stop time: Sat Jul 02 20:45:09 EDT 2016 Transactions Per Minute: 0.0021091003
[INFO ] 2016-07-02 20:45:09.821 [main] PublishHistTicks - Processing /home/ubuntu/projects/wolf/histdata.com/data/csv/DAT_ASCII_EURUSD_T_201602.csv
[INFO ] 2016-07-02 20:45:10.282 [main] PublishHistTicks - Start time: Sat Jul 02 20:45:10 EDT 2016
[INFO ] 2016-07-02 20:45:12.364 [main] PublishHistTicks - 10.0% records processed.  233664 / 2336630
[INFO ] 2016-07-02 20:45:12.364 [main] PublishHistTicks - Interval time: Sat Jul 02 20:45:12 EDT 2016 Transactions Per Minute: 0.0018705091
[INFO ] 2016-07-02 20:45:14.171 [main] PublishHistTicks - 20.0% records processed.  467327 / 2336630
[INFO ] 2016-07-02 20:45:14.171 [main] PublishHistTicks - Interval time: Sat Jul 02 20:45:14 EDT 2016 Transactions Per Minute: 0.0020027728
[INFO ] 2016-07-02 20:45:16.014 [main] PublishHistTicks - 30.000000000000004% records processed.  700990 / 2336630
[INFO ] 2016-07-02 20:45:16.014 [main] PublishHistTicks - Interval time: Sat Jul 02 20:45:16 EDT 2016 Transactions Per Minute: 0.0020382356
[INFO ] 2016-07-02 20:45:17.806 [main] PublishHistTicks - 40.0% records processed.  934653 / 2336630
[INFO ] 2016-07-02 20:45:17.806 [main] PublishHistTicks - Interval time: Sat Jul 02 20:45:17 EDT 2016 Transactions Per Minute: 0.0020703814
[INFO ] 2016-07-02 20:45:19.559 [main] PublishHistTicks - 50.0% records processed.  1168316 / 2336630
[INFO ] 2016-07-02 20:45:19.559 [main] PublishHistTicks - Interval time: Sat Jul 02 20:45:19 EDT 2016 Transactions Per Minute: 0.0020989472
[INFO ] 2016-07-02 20:45:21.454 [main] PublishHistTicks - 60.0% records processed.  1401979 / 2336630
[INFO ] 2016-07-02 20:45:21.454 [main] PublishHistTicks - Interval time: Sat Jul 02 20:45:21 EDT 2016 Transactions Per Minute: 0.0020915070
[INFO ] 2016-07-02 20:45:23.293 [main] PublishHistTicks - 70.0% records processed.  1635642 / 2336630
[INFO ] 2016-07-02 20:45:23.294 [main] PublishHistTicks - Interval time: Sat Jul 02 20:45:23 EDT 2016 Transactions Per Minute: 0.0020952041
[INFO ] 2016-07-02 20:45:25.173 [main] PublishHistTicks - 80.0% records processed.  1869304 / 2336630
[INFO ] 2016-07-02 20:45:25.173 [main] PublishHistTicks - Interval time: Sat Jul 02 20:45:25 EDT 2016 Transactions Per Minute: 0.0020922078
[INFO ] 2016-07-02 20:45:26.993 [main] PublishHistTicks - 89.99999999999999% records processed.  2102967 / 2336630
[INFO ] 2016-07-02 20:45:26.993 [main] PublishHistTicks - Interval time: Sat Jul 02 20:45:26 EDT 2016 Transactions Per Minute: 0.0020973879
[INFO ] 2016-07-02 20:45:28.859 [main] PublishHistTicks - 99.99999999999999% records processed.  2336630 / 2336630
[INFO ] 2016-07-02 20:45:28.860 [main] PublishHistTicks - Interval time: Sat Jul 02 20:45:28 EDT 2016 Transactions Per Minute: 0.0020963467
[INFO ] 2016-07-02 20:45:28.860 [main] PublishHistTicks - Stop time: Sat Jul 02 20:45:28 EDT 2016 Transactions Per Minute: 0.0020962339
[INFO ] 2016-07-02 20:45:28.860 [main] PublishHistTicks - Processing /home/ubuntu/projects/wolf/histdata.com/data/csv/DAT_ASCII_EURUSD_T_201603.csv
[INFO ] 2016-07-02 20:45:29.187 [main] PublishHistTicks - Start time: Sat Jul 02 20:45:29 EDT 2016
[INFO ] 2016-07-02 20:45:30.747 [main] PublishHistTicks - 10.0% records processed.  197925 / 1979243
[INFO ] 2016-07-02 20:45:30.747 [main] PublishHistTicks - Interval time: Sat Jul 02 20:45:30 EDT 2016 Transactions Per Minute: 0.0021145833
[INFO ] 2016-07-02 20:45:32.286 [main] PublishHistTicks - 20.0% records processed.  395849 / 1979243
[INFO ] 2016-07-02 20:45:32.286 [main] PublishHistTicks - Interval time: Sat Jul 02 20:45:32 EDT 2016 Transactions Per Minute: 0.0021289072
[INFO ] 2016-07-02 20:45:33.860 [main] PublishHistTicks - 30.000000000000004% records processed.  593773 / 1979243
[INFO ] 2016-07-02 20:45:33.860 [main] PublishHistTicks - Interval time: Sat Jul 02 20:45:33 EDT 2016 Transactions Per Minute: 0.0021177438
[INFO ] 2016-07-02 20:45:35.389 [main] PublishHistTicks - 40.0% records processed.  791698 / 1979243
[INFO ] 2016-07-02 20:45:35.389 [main] PublishHistTicks - Interval time: Sat Jul 02 20:45:35 EDT 2016 Transactions Per Minute: 0.0021275341
[INFO ] 2016-07-02 20:45:36.948 [main] PublishHistTicks - 50.0% records processed.  989622 / 1979243
[INFO ] 2016-07-02 20:45:36.949 [main] PublishHistTicks - Interval time: Sat Jul 02 20:45:36 EDT 2016 Transactions Per Minute: 0.0021249291
[INFO ] 2016-07-02 20:45:38.501 [main] PublishHistTicks - 60.0% records processed.  1187546 / 1979243
[INFO ] 2016-07-02 20:45:38.501 [main] PublishHistTicks - Interval time: Sat Jul 02 20:45:38 EDT 2016 Transactions Per Minute: 0.0021250197
[INFO ] 2016-07-02 20:45:40.042 [main] PublishHistTicks - 70.0% records processed.  1385471 / 1979243
[INFO ] 2016-07-02 20:45:40.042 [main] PublishHistTicks - Interval time: Sat Jul 02 20:45:40 EDT 2016 Transactions Per Minute: 0.0021272394
[INFO ] 2016-07-02 20:45:41.598 [main] PublishHistTicks - 80.0% records processed.  1583395 / 1979243
[INFO ] 2016-07-02 20:45:41.599 [main] PublishHistTicks - Interval time: Sat Jul 02 20:45:41 EDT 2016 Transactions Per Minute: 0.0021261615
[INFO ] 2016-07-02 20:45:43.151 [main] PublishHistTicks - 89.99999999999999% records processed.  1781319 / 1979243
[INFO ] 2016-07-02 20:45:43.151 [main] PublishHistTicks - Interval time: Sat Jul 02 20:45:43 EDT 2016 Transactions Per Minute: 0.0021260849
[INFO ] 2016-07-02 20:45:44.702 [main] PublishHistTicks - 99.99999999999999% records processed.  1979243 / 1979243
[INFO ] 2016-07-02 20:45:44.702 [main] PublishHistTicks - Interval time: Sat Jul 02 20:45:44 EDT 2016 Transactions Per Minute: 0.0021261607
[INFO ] 2016-07-02 20:45:44.702 [main] PublishHistTicks - Stop time: Sat Jul 02 20:45:44 EDT 2016 Transactions Per Minute: 0.0021261607
[INFO ] 2016-07-02 20:45:44.702 [main] PublishHistTicks - Processing /home/ubuntu/projects/wolf/histdata.com/data/csv/DAT_ASCII_EURUSD_T_201604.csv
[INFO ] 2016-07-02 20:45:45.005 [main] PublishHistTicks - Start time: Sat Jul 02 20:45:45 EDT 2016
[INFO ] 2016-07-02 20:45:46.351 [main] PublishHistTicks - 10.0% records processed.  182707 / 1827066
[INFO ] 2016-07-02 20:45:46.351 [main] PublishHistTicks - Interval time: Sat Jul 02 20:45:46 EDT 2016 Transactions Per Minute: 0.0022623452
[INFO ] 2016-07-02 20:45:47.713 [main] PublishHistTicks - 20.0% records processed.  365414 / 1827066
[INFO ] 2016-07-02 20:45:47.714 [main] PublishHistTicks - Interval time: Sat Jul 02 20:45:47 EDT 2016 Transactions Per Minute: 0.0022489783
[INFO ] 2016-07-02 20:45:49.185 [main] PublishHistTicks - 30.000000000000004% records processed.  548120 / 1827066
[INFO ] 2016-07-02 20:45:49.185 [main] PublishHistTicks - Interval time: Sat Jul 02 20:45:49 EDT 2016 Transactions Per Minute: 0.0021854864
[INFO ] 2016-07-02 20:45:50.620 [main] PublishHistTicks - 40.0% records processed.  730827 / 1827066
[INFO ] 2016-07-02 20:45:50.621 [main] PublishHistTicks - Interval time: Sat Jul 02 20:45:50 EDT 2016 Transactions Per Minute: 0.0021688835
[INFO ] 2016-07-02 20:45:52.036 [main] PublishHistTicks - 50.0% records processed.  913534 / 1827066
[INFO ] 2016-07-02 20:45:52.036 [main] PublishHistTicks - Interval time: Sat Jul 02 20:45:52 EDT 2016 Transactions Per Minute: 0.0021654909
[INFO ] 2016-07-02 20:45:53.480 [main] PublishHistTicks - 60.0% records processed.  1096240 / 1827066
[INFO ] 2016-07-02 20:45:53.480 [main] PublishHistTicks - Interval time: Sat Jul 02 20:45:53 EDT 2016 Transactions Per Minute: 0.0021558309
[INFO ] 2016-07-02 20:45:54.865 [main] PublishHistTicks - 70.0% records processed.  1278947 / 1827066
[INFO ] 2016-07-02 20:45:54.865 [main] PublishHistTicks - Interval time: Sat Jul 02 20:45:54 EDT 2016 Transactions Per Minute: 0.0021618442
[INFO ] 2016-07-02 20:45:56.325 [main] PublishHistTicks - 80.0% records processed.  1461653 / 1827066
[INFO ] 2016-07-02 20:45:56.325 [main] PublishHistTicks - Interval time: Sat Jul 02 20:45:56 EDT 2016 Transactions Per Minute: 0.0021520215
[INFO ] 2016-07-02 20:45:57.760 [main] PublishHistTicks - 89.99999999999999% records processed.  1644360 / 1827066
[INFO ] 2016-07-02 20:45:57.760 [main] PublishHistTicks - Interval time: Sat Jul 02 20:45:57 EDT 2016 Transactions Per Minute: 0.0021486476
[INFO ] 2016-07-02 20:45:59.192 [main] PublishHistTicks - 99.99999999999999% records processed.  1827066 / 1827066
[INFO ] 2016-07-02 20:45:59.193 [main] PublishHistTicks - Interval time: Sat Jul 02 20:45:59 EDT 2016 Transactions Per Minute: 0.0021462574
[INFO ] 2016-07-02 20:45:59.193 [main] PublishHistTicks - Stop time: Sat Jul 02 20:45:59 EDT 2016 Transactions Per Minute: 0.0021462574
[INFO ] 2016-07-02 20:45:59.193 [main] PublishHistTicks - Processing /home/ubuntu/projects/wolf/histdata.com/data/csv/DAT_ASCII_EURUSD_T_201605.csv
[INFO ] 2016-07-02 20:45:59.482 [main] PublishHistTicks - Start time: Sat Jul 02 20:45:59 EDT 2016
[INFO ] 2016-07-02 20:46:00.866 [main] PublishHistTicks - 10.0% records processed.  167732 / 1677316
[INFO ] 2016-07-02 20:46:00.867 [main] PublishHistTicks - Interval time: Sat Jul 02 20:46:00 EDT 2016 Transactions Per Minute: 0.0020169793
[INFO ] 2016-07-02 20:46:02.154 [main] PublishHistTicks - 20.0% records processed.  335464 / 1677316
[INFO ] 2016-07-02 20:46:02.154 [main] PublishHistTicks - Interval time: Sat Jul 02 20:46:02 EDT 2016 Transactions Per Minute: 0.0020916823
[INFO ] 2016-07-02 20:46:03.482 [main] PublishHistTicks - 30.000000000000004% records processed.  503195 / 1677316
[INFO ] 2016-07-02 20:46:03.482 [main] PublishHistTicks - Interval time: Sat Jul 02 20:46:03 EDT 2016 Transactions Per Minute: 0.0020961218
[INFO ] 2016-07-02 20:46:04.743 [main] PublishHistTicks - 40.0% records processed.  670927 / 1677316
[INFO ] 2016-07-02 20:46:04.743 [main] PublishHistTicks - Interval time: Sat Jul 02 20:46:04 EDT 2016 Transactions Per Minute: 0.0021250697
[INFO ] 2016-07-02 20:46:05.988 [main] PublishHistTicks - 50.0% records processed.  838659 / 1677316
[INFO ] 2016-07-02 20:46:05.988 [main] PublishHistTicks - Interval time: Sat Jul 02 20:46:05 EDT 2016 Transactions Per Minute: 0.0021480944
[INFO ] 2016-07-02 20:46:07.274 [main] PublishHistTicks - 60.0% records processed.  1006390 / 1677316
[INFO ] 2016-07-02 20:46:07.274 [main] PublishHistTicks - Interval time: Sat Jul 02 20:46:07 EDT 2016 Transactions Per Minute: 0.0021523376
[INFO ] 2016-07-02 20:46:08.613 [main] PublishHistTicks - 70.0% records processed.  1174122 / 1677316
[INFO ] 2016-07-02 20:46:08.613 [main] PublishHistTicks - Interval time: Sat Jul 02 20:46:08 EDT 2016 Transactions Per Minute: 0.0021428712
[INFO ] 2016-07-02 20:46:09.937 [main] PublishHistTicks - 80.0% records processed.  1341853 / 1677316
[INFO ] 2016-07-02 20:46:09.938 [main] PublishHistTicks - Interval time: Sat Jul 02 20:46:09 EDT 2016 Transactions Per Minute: 0.0021388884
[INFO ] 2016-07-02 20:46:11.257 [main] PublishHistTicks - 89.99999999999999% records processed.  1509585 / 1677316
[INFO ] 2016-07-02 20:46:11.257 [main] PublishHistTicks - Interval time: Sat Jul 02 20:46:11 EDT 2016 Transactions Per Minute: 0.0021365277
[INFO ] 2016-07-02 20:46:12.563 [main] PublishHistTicks - 99.99999999999999% records processed.  1677316 / 1677316
[INFO ] 2016-07-02 20:46:12.564 [main] PublishHistTicks - Interval time: Sat Jul 02 20:46:12 EDT 2016 Transactions Per Minute: 0.0021367627
[INFO ] 2016-07-02 20:46:12.564 [main] PublishHistTicks - Stop time: Sat Jul 02 20:46:12 EDT 2016 Transactions Per Minute: 0.0021367627
[INFO ] 2016-07-02 20:46:12.564 [main] PublishHistTicks - Processing /home/ubuntu/projects/wolf/histdata.com/data/csv/DAT_ASCII_EURUSD_T_201606.csv
[INFO ] 2016-07-02 20:46:12.604 [main] PublishHistTicks - Start time: Sat Jul 02 20:46:12 EDT 2016
[INFO ] 2016-07-02 20:46:12.777 [main] PublishHistTicks - 10.0% records processed.  23216 / 232154
[INFO ] 2016-07-02 20:46:12.777 [main] PublishHistTicks - Interval time: Sat Jul 02 20:46:12 EDT 2016 Transactions Per Minute: 0.0022366089
[INFO ] 2016-07-02 20:46:12.962 [main] PublishHistTicks - 20.0% records processed.  46431 / 232154
[INFO ] 2016-07-02 20:46:12.962 [main] PublishHistTicks - Interval time: Sat Jul 02 20:46:12 EDT 2016 Transactions Per Minute: 0.0021615922
[INFO ] 2016-07-02 20:46:13.148 [main] PublishHistTicks - 30.000000000000004% records processed.  69647 / 232154
[INFO ] 2016-07-02 20:46:13.148 [main] PublishHistTicks - Interval time: Sat Jul 02 20:46:13 EDT 2016 Transactions Per Minute: 0.0021337929
[INFO ] 2016-07-02 20:46:13.318 [main] PublishHistTicks - 40.0% records processed.  92862 / 232154
[INFO ] 2016-07-02 20:46:13.318 [main] PublishHistTicks - Interval time: Sat Jul 02 20:46:13 EDT 2016 Transactions Per Minute: 0.0021676471
[INFO ] 2016-07-02 20:46:13.490 [main] PublishHistTicks - 50.0% records processed.  116078 / 232154
[INFO ] 2016-07-02 20:46:13.490 [main] PublishHistTicks - Interval time: Sat Jul 02 20:46:13 EDT 2016 Transactions Per Minute: 0.0021835591
[INFO ] 2016-07-02 20:46:13.663 [main] PublishHistTicks - 60.0% records processed.  139293 / 232154
[INFO ] 2016-07-02 20:46:13.663 [main] PublishHistTicks - Interval time: Sat Jul 02 20:46:13 EDT 2016 Transactions Per Minute: 0.0021922096
[INFO ] 2016-07-02 20:46:13.839 [main] PublishHistTicks - 70.0% records processed.  162508 / 232154
[INFO ] 2016-07-02 20:46:13.840 [main] PublishHistTicks - Interval time: Sat Jul 02 20:46:13 EDT 2016 Transactions Per Minute: 0.0021930904
[INFO ] 2016-07-02 20:46:14.024 [main] PublishHistTicks - 80.0% records processed.  185724 / 232154
[INFO ] 2016-07-02 20:46:14.024 [main] PublishHistTicks - Interval time: Sat Jul 02 20:46:14 EDT 2016 Transactions Per Minute: 0.0021798592
[INFO ] 2016-07-02 20:46:14.201 [main] PublishHistTicks - 89.99999999999999% records processed.  208939 / 232154
[INFO ] 2016-07-02 20:46:14.201 [main] PublishHistTicks - Interval time: Sat Jul 02 20:46:14 EDT 2016 Transactions Per Minute: 0.0021805364
[INFO ] 2016-07-02 20:46:14.390 [main] PublishHistTicks - 99.99999999999999% records processed.  232154 / 232154
[INFO ] 2016-07-02 20:46:14.390 [main] PublishHistTicks - Interval time: Sat Jul 02 20:46:14 EDT 2016 Transactions Per Minute: 0.0021664240
[INFO ] 2016-07-02 20:46:14.390 [main] PublishHistTicks - Stop time: Sat Jul 02 20:46:14 EDT 2016 Transactions Per Minute: 0.0021664240
[INFO ] 2016-07-02 20:46:14.390 [main] PublishHistTicks - Processing /home/ubuntu/projects/wolf/histdata.com/data/csv/DAT_ASCII_EURUSD_T_201607.csv
